TpTrace Verbose: 0 : 10204, 1, 2022/10/27, 00:29:07.748, 11362864651135, vstest.console.dll, Version: 17.3.0 Current process architecture: X64
TpTrace Verbose: 0 : 10204, 1, 2022/10/27, 00:29:07.751, 11362864685916, vstest.console.dll, Runtime location: C:\Program Files\dotnet\shared\Microsoft.NETCore.App\6.0.9
TpTrace Information: 0 : 10204, 1, 2022/10/27, 00:29:07.762, 11362864800039, vstest.console.dll, FilePatternParser: The given file D:\github\ChampionsDevs\Customer\UnitTests\bin\Debug\net6.0\fine-code-coverage\build-output\UnitTests.dll is a full path.
TpTrace Verbose: 0 : 10204, 1, 2022/10/27, 00:29:07.775, 11362864925025, vstest.console.dll, TestPluginCache.DiscoverTestExtensions: finding test extensions in assemblies ends with: RuntimeProvider.dll TPluginInfo: Microsoft.VisualStudio.TestPlatform.Common.ExtensionFramework.Utilities.TestRuntimePluginInformation TExtension: Microsoft.VisualStudio.TestPlatform.ObjectModel.Host.ITestRuntimeProvider
TpTrace Verbose: 0 : 10204, 1, 2022/10/27, 00:29:07.776, 11362864937556, vstest.console.dll, TestPluginCache.GetExtensionPaths: Filtered extension paths: 
TpTrace Verbose: 0 : 10204, 1, 2022/10/27, 00:29:07.776, 11362864940095, vstest.console.dll, TestPluginCache.GetExtensionPaths: Added default extension paths: C:\Program Files\dotnet\sdk\6.0.401\Extensions\Microsoft.Diagnostics.NETCore.Client.dll
C:\Program Files\dotnet\sdk\6.0.401\Extensions\Microsoft.TestPlatform.Extensions.BlameDataCollector.dll
C:\Program Files\dotnet\sdk\6.0.401\Extensions\Microsoft.TestPlatform.Extensions.EventLogCollector.dll
C:\Program Files\dotnet\sdk\6.0.401\Extensions\Microsoft.TestPlatform.TestHostRuntimeProvider.dll
C:\Program Files\dotnet\sdk\6.0.401\Extensions\Microsoft.VisualStudio.TestPlatform.Extensions.Html.TestLogger.dll
C:\Program Files\dotnet\sdk\6.0.401\Extensions\Microsoft.VisualStudio.TestPlatform.Extensions.Trx.TestLogger.dll
TpTrace Verbose: 0 : 10204, 1, 2022/10/27, 00:29:07.777, 11362864941447, vstest.console.dll, TestPluginCache.GetExtensionPaths: Added unfilterableExtensionPaths: 
TpTrace Information: 0 : 10204, 1, 2022/10/27, 00:29:07.778, 11362864957379, vstest.console.dll, AssemblyResolver.ctor: Creating AssemblyResolver with searchDirectories C:\Program Files\dotnet\sdk\6.0.401\Extensions,C:\Program Files\dotnet\sdk\6.0.401
TpTrace Verbose: 0 : 10204, 1, 2022/10/27, 00:29:07.780, 11362864973919, vstest.console.dll, TestPluginCache.DiscoverTestExtensions: Discovering the extensions using extension path.
TpTrace Verbose: 0 : 10204, 1, 2022/10/27, 00:29:07.780, 11362864976159, vstest.console.dll, TestPluginCache.GetExtensionPaths: Filtered extension paths: 
TpTrace Verbose: 0 : 10204, 1, 2022/10/27, 00:29:07.780, 11362864976916, vstest.console.dll, TestPluginCache.GetExtensionPaths: Added default extension paths: C:\Program Files\dotnet\sdk\6.0.401\Extensions\Microsoft.Diagnostics.NETCore.Client.dll
C:\Program Files\dotnet\sdk\6.0.401\Extensions\Microsoft.TestPlatform.Extensions.BlameDataCollector.dll
C:\Program Files\dotnet\sdk\6.0.401\Extensions\Microsoft.TestPlatform.Extensions.EventLogCollector.dll
C:\Program Files\dotnet\sdk\6.0.401\Extensions\Microsoft.TestPlatform.TestHostRuntimeProvider.dll
C:\Program Files\dotnet\sdk\6.0.401\Extensions\Microsoft.VisualStudio.TestPlatform.Extensions.Html.TestLogger.dll
C:\Program Files\dotnet\sdk\6.0.401\Extensions\Microsoft.VisualStudio.TestPlatform.Extensions.Trx.TestLogger.dll
TpTrace Verbose: 0 : 10204, 1, 2022/10/27, 00:29:07.780, 11362864977615, vstest.console.dll, TestPluginCache.GetExtensionPaths: Added unfilterableExtensionPaths: 
TpTrace Verbose: 0 : 10204, 1, 2022/10/27, 00:29:07.780, 11362864978689, vstest.console.dll, TestPluginCache.DiscoverTestExtensions: Discovering the extensions using allExtensionPaths: C:\Program Files\dotnet\sdk\6.0.401\Extensions\Microsoft.Diagnostics.NETCore.Client.dll
C:\Program Files\dotnet\sdk\6.0.401\Extensions\Microsoft.TestPlatform.Extensions.BlameDataCollector.dll
C:\Program Files\dotnet\sdk\6.0.401\Extensions\Microsoft.TestPlatform.Extensions.EventLogCollector.dll
C:\Program Files\dotnet\sdk\6.0.401\Extensions\Microsoft.TestPlatform.TestHostRuntimeProvider.dll
C:\Program Files\dotnet\sdk\6.0.401\Extensions\Microsoft.VisualStudio.TestPlatform.Extensions.Html.TestLogger.dll
C:\Program Files\dotnet\sdk\6.0.401\Extensions\Microsoft.VisualStudio.TestPlatform.Extensions.Trx.TestLogger.dll
TpTrace Information: 0 : 10204, 1, 2022/10/27, 00:29:07.781, 11362864983986, vstest.console.dll, AssemblyResolver.AddSearchDirectories: Adding more searchDirectories C:\Program Files\dotnet\sdk\6.0.401\Extensions,C:\Program Files\dotnet\sdk\6.0.401
TpTrace Information: 0 : 10204, 1, 2022/10/27, 00:29:07.781, 11362864985109, vstest.console.dll, AssemblyResolver.AddSearchDirectories: Adding more searchDirectories C:\Program Files\dotnet\sdk\6.0.401\Extensions,C:\Program Files\dotnet\sdk\6.0.401
TpTrace Information: 0 : 10204, 1, 2022/10/27, 00:29:07.781, 11362864985914, vstest.console.dll, AssemblyResolver.AddSearchDirectories: Adding more searchDirectories C:\Program Files\dotnet\sdk\6.0.401\Extensions,C:\Program Files\dotnet\sdk\6.0.401
TpTrace Information: 0 : 10204, 1, 2022/10/27, 00:29:07.781, 11362864986508, vstest.console.dll, AssemblyResolver.AddSearchDirectories: Adding more searchDirectories C:\Program Files\dotnet\sdk\6.0.401\Extensions,C:\Program Files\dotnet\sdk\6.0.401
TpTrace Information: 0 : 10204, 1, 2022/10/27, 00:29:07.781, 11362864987056, vstest.console.dll, AssemblyResolver.AddSearchDirectories: Adding more searchDirectories C:\Program Files\dotnet\sdk\6.0.401\Extensions,C:\Program Files\dotnet\sdk\6.0.401
TpTrace Information: 0 : 10204, 1, 2022/10/27, 00:29:07.781, 11362864987628, vstest.console.dll, AssemblyResolver.AddSearchDirectories: Adding more searchDirectories C:\Program Files\dotnet\sdk\6.0.401\Extensions,C:\Program Files\dotnet\sdk\6.0.401
TpTrace Information: 0 : 10204, 1, 2022/10/27, 00:29:07.782, 11362864993524, vstest.console.dll, AssemblyResolver.OnResolve: Microsoft.Diagnostics.NETCore.Client: Resolving assembly.
TpTrace Information: 0 : 10204, 1, 2022/10/27, 00:29:07.782, 11362864994873, vstest.console.dll, AssemblyResolver.OnResolve: Microsoft.Diagnostics.NETCore.Client: Searching in: 'C:\Program Files\dotnet\sdk\6.0.401\Extensions'.
TpTrace Information: 0 : 10204, 1, 2022/10/27, 00:29:07.783, 11362865008594, vstest.console.dll, AssemblyResolver.OnResolve: Microsoft.Diagnostics.NETCore.Client: Loading assembly 'C:\Program Files\dotnet\sdk\6.0.401\Extensions\Microsoft.Diagnostics.NETCore.Client.dll'.
TpTrace Information: 0 : 10204, 1, 2022/10/27, 00:29:07.785, 11362865022264, vstest.console.dll, AssemblyResolver.OnResolve: Resolved assembly: Microsoft.Diagnostics.NETCore.Client, from path: C:\Program Files\dotnet\sdk\6.0.401\Extensions\Microsoft.Diagnostics.NETCore.Client.dll
TpTrace Verbose: 0 : 10204, 1, 2022/10/27, 00:29:07.800, 11362865179932, vstest.console.dll, MetadataReaderExtensionsHelper: Discovering extensions inside assembly 'Microsoft.Diagnostics.NETCore.Client, Version=0.2.5.801, Culture=neutral, PublicKeyToken=31bf3856ad364e35' file path 'C:\Program Files\dotnet\sdk\6.0.401\Extensions\Microsoft.Diagnostics.NETCore.Client.dll'
TpTrace Information: 0 : 10204, 1, 2022/10/27, 00:29:07.824, 11362865411112, vstest.console.dll, AssemblyResolver.OnResolve: Microsoft.Bcl.AsyncInterfaces: Resolving assembly.
TpTrace Information: 0 : 10204, 1, 2022/10/27, 00:29:07.824, 11362865413348, vstest.console.dll, AssemblyResolver.OnResolve: Microsoft.Bcl.AsyncInterfaces: Searching in: 'C:\Program Files\dotnet\sdk\6.0.401\Extensions'.
TpTrace Information: 0 : 10204, 1, 2022/10/27, 00:29:07.824, 11362865415299, vstest.console.dll, AssemblyResolver.OnResolve: Microsoft.Bcl.AsyncInterfaces: Assembly path does not exist: 'C:\Program Files\dotnet\sdk\6.0.401\Extensions\Microsoft.Bcl.AsyncInterfaces.dll', returning.
TpTrace Information: 0 : 10204, 1, 2022/10/27, 00:29:07.824, 11362865416621, vstest.console.dll, AssemblyResolver.OnResolve: Microsoft.Bcl.AsyncInterfaces: Assembly path does not exist: 'C:\Program Files\dotnet\sdk\6.0.401\Extensions\Microsoft.Bcl.AsyncInterfaces.exe', returning.
TpTrace Information: 0 : 10204, 1, 2022/10/27, 00:29:07.824, 11362865417993, vstest.console.dll, AssemblyResolver.OnResolve: Microsoft.Bcl.AsyncInterfaces: Searching in: 'C:\Program Files\dotnet\sdk\6.0.401'.
TpTrace Information: 0 : 10204, 1, 2022/10/27, 00:29:07.824, 11362865419397, vstest.console.dll, AssemblyResolver.OnResolve: Microsoft.Bcl.AsyncInterfaces: Assembly path does not exist: 'C:\Program Files\dotnet\sdk\6.0.401\Microsoft.Bcl.AsyncInterfaces.dll', returning.
TpTrace Information: 0 : 10204, 1, 2022/10/27, 00:29:07.825, 11362865420716, vstest.console.dll, AssemblyResolver.OnResolve: Microsoft.Bcl.AsyncInterfaces: Assembly path does not exist: 'C:\Program Files\dotnet\sdk\6.0.401\Microsoft.Bcl.AsyncInterfaces.exe', returning.
TpTrace Information: 0 : 10204, 1, 2022/10/27, 00:29:07.825, 11362865421299, vstest.console.dll, AssemblyResolver.OnResolve: Microsoft.Bcl.AsyncInterfaces: Failed to load assembly.
TpTrace Verbose: 0 : 10204, 1, 2022/10/27, 00:29:07.825, 11362865422009, vstest.console.dll, CurrentDomainAssemblyResolve: Resolving assembly 'Microsoft.Bcl.AsyncInterfaces'.
TpTrace Information: 0 : 10204, 1, 2022/10/27, 00:29:07.825, 11362865423323, vstest.console.dll, AssemblyResolver.OnResolve: Microsoft.Bcl.AsyncInterfaces: Resolving assembly.
TpTrace Information: 0 : 10204, 1, 2022/10/27, 00:29:07.825, 11362865424099, vstest.console.dll, AssemblyResolver.OnResolve: Microsoft.Bcl.AsyncInterfaces: Resolved from cache.
TpTrace Verbose: 0 : 10204, 1, 2022/10/27, 00:29:07.825, 11362865424814, vstest.console.dll, CurrentDomainAssemblyResolve: Resolving assembly 'Microsoft.Bcl.AsyncInterfaces'.
TpTrace Verbose: 0 : 10204, 1, 2022/10/27, 00:29:07.825, 11362865425503, vstest.console.dll, CurrentDomainAssemblyResolve: Failed to resolve assembly 'Microsoft.Bcl.AsyncInterfaces'.
TpTrace Verbose: 0 : 10204, 1, 2022/10/27, 00:29:07.826, 11362865434821, vstest.console.dll, CurrentDomainAssemblyResolve: Failed to resolve assembly 'Microsoft.Bcl.AsyncInterfaces'.
TpTrace Warning: 0 : 10204, 1, 2022/10/27, 00:29:07.851, 11362865683395, vstest.console.dll, TestPluginDiscoverer: Failed to get types from assembly 'Microsoft.Diagnostics.NETCore.Client, Version=0.2.5.801, Culture=neutral, PublicKeyToken=31bf3856ad364e35'. Error: System.Reflection.ReflectionTypeLoadException: Unable to load one or more of the requested types.
Could not load file or assembly 'Microsoft.Bcl.AsyncInterfaces, Version=1.0.0.0, Culture=neutral, PublicKeyToken=cc7b13ffcd2ddd51'. The system cannot find the file specified.
   at System.Reflection.RuntimeModule.GetTypes(RuntimeModule module)
   at System.Reflection.Assembly.GetTypes()
   at Microsoft.VisualStudio.TestPlatform.Common.ExtensionFramework.TestPluginDiscoverer.GetTestExtensionsFromAssembly[TPluginInfo,TExtension](Assembly assembly, Dictionary`2 pluginInfos, String filePath)
System.IO.FileNotFoundException: Could not load file or assembly 'Microsoft.Bcl.AsyncInterfaces, Version=1.0.0.0, Culture=neutral, PublicKeyToken=cc7b13ffcd2ddd51'. The system cannot find the file specified.
File name: 'Microsoft.Bcl.AsyncInterfaces, Version=1.0.0.0, Culture=neutral, PublicKeyToken=cc7b13ffcd2ddd51'
 ---> System.IO.FileNotFoundException: Could not load file or assembly 'Microsoft.Bcl.AsyncInterfaces, Culture=neutral, PublicKeyToken=null'. The system cannot find the file specified.
File name: 'Microsoft.Bcl.AsyncInterfaces, Culture=neutral, PublicKeyToken=null'
   at System.Reflection.RuntimeAssembly.InternalLoad(ObjectHandleOnStack assemblyName, ObjectHandleOnStack requestingAssembly, StackCrawlMarkHandle stackMark, Boolean throwOnFileNotFound, ObjectHandleOnStack assemblyLoadContext, ObjectHandleOnStack retAssembly)
   at System.Reflection.RuntimeAssembly.InternalLoad(AssemblyName assemblyName, RuntimeAssembly requestingAssembly, StackCrawlMark& stackMark, Boolean throwOnFileNotFound, AssemblyLoadContext assemblyLoadContext)
   at System.Reflection.Assembly.Load(AssemblyName assemblyRef)
   at Microsoft.VisualStudio.TestPlatform.Common.ExtensionFramework.TestPluginCache.CurrentDomainAssemblyResolve(Object sender, AssemblyResolveEventArgs args)
   at Microsoft.VisualStudio.TestPlatform.PlatformAbstractions.PlatformAssemblyResolver.AssemblyResolverEvent(Object sender, Object eventArgs)
   at System.Runtime.Loader.AssemblyLoadContext.GetFirstResolvedAssemblyFromResolvingEvent(AssemblyName assemblyName)
   at System.Runtime.Loader.AssemblyLoadContext.ResolveUsingEvent(AssemblyName assemblyName)
   at System.Runtime.Loader.AssemblyLoadContext.ResolveUsingResolvingEvent(IntPtr gchManagedAssemblyLoadContext, AssemblyName assemblyName)
TpTrace Warning: 0 : 10204, 1, 2022/10/27, 00:29:07.852, 11362865692354, vstest.console.dll, LoaderExceptions: System.IO.FileNotFoundException: Could not load file or assembly 'Microsoft.Bcl.AsyncInterfaces, Version=1.0.0.0, Culture=neutral, PublicKeyToken=cc7b13ffcd2ddd51'. The system cannot find the file specified.
File name: 'Microsoft.Bcl.AsyncInterfaces, Version=1.0.0.0, Culture=neutral, PublicKeyToken=cc7b13ffcd2ddd51'
 ---> System.IO.FileNotFoundException: Could not load file or assembly 'Microsoft.Bcl.AsyncInterfaces, Culture=neutral, PublicKeyToken=null'. The system cannot find the file specified.
File name: 'Microsoft.Bcl.AsyncInterfaces, Culture=neutral, PublicKeyToken=null'
   at System.Reflection.RuntimeAssembly.InternalLoad(ObjectHandleOnStack assemblyName, ObjectHandleOnStack requestingAssembly, StackCrawlMarkHandle stackMark, Boolean throwOnFileNotFound, ObjectHandleOnStack assemblyLoadContext, ObjectHandleOnStack retAssembly)
   at System.Reflection.RuntimeAssembly.InternalLoad(AssemblyName assemblyName, RuntimeAssembly requestingAssembly, StackCrawlMark& stackMark, Boolean throwOnFileNotFound, AssemblyLoadContext assemblyLoadContext)
   at System.Reflection.Assembly.Load(AssemblyName assemblyRef)
   at Microsoft.VisualStudio.TestPlatform.Common.ExtensionFramework.TestPluginCache.CurrentDomainAssemblyResolve(Object sender, AssemblyResolveEventArgs args)
   at Microsoft.VisualStudio.TestPlatform.PlatformAbstractions.PlatformAssemblyResolver.AssemblyResolverEvent(Object sender, Object eventArgs)
   at System.Runtime.Loader.AssemblyLoadContext.GetFirstResolvedAssemblyFromResolvingEvent(AssemblyName assemblyName)
   at System.Runtime.Loader.AssemblyLoadContext.ResolveUsingEvent(AssemblyName assemblyName)
   at System.Runtime.Loader.AssemblyLoadContext.ResolveUsingResolvingEvent(IntPtr gchManagedAssemblyLoadContext, AssemblyName assemblyName)
TpTrace Information: 0 : 10204, 1, 2022/10/27, 00:29:07.852, 11362865696285, vstest.console.dll, AssemblyResolver.OnResolve: Microsoft.TestPlatform.Extensions.BlameDataCollector: Resolving assembly.
TpTrace Information: 0 : 10204, 1, 2022/10/27, 00:29:07.852, 11362865697164, vstest.console.dll, AssemblyResolver.OnResolve: Microsoft.TestPlatform.Extensions.BlameDataCollector: Searching in: 'C:\Program Files\dotnet\sdk\6.0.401\Extensions'.
TpTrace Information: 0 : 10204, 1, 2022/10/27, 00:29:07.853, 11362865708408, vstest.console.dll, AssemblyResolver.OnResolve: Microsoft.TestPlatform.Extensions.BlameDataCollector: Loading assembly 'C:\Program Files\dotnet\sdk\6.0.401\Extensions\Microsoft.TestPlatform.Extensions.BlameDataCollector.dll'.
TpTrace Information: 0 : 10204, 1, 2022/10/27, 00:29:07.855, 11362865720699, vstest.console.dll, AssemblyResolver.OnResolve: Resolved assembly: Microsoft.TestPlatform.Extensions.BlameDataCollector, from path: C:\Program Files\dotnet\sdk\6.0.401\Extensions\Microsoft.TestPlatform.Extensions.BlameDataCollector.dll
TpTrace Verbose: 0 : 10204, 1, 2022/10/27, 00:29:07.855, 11362865722092, vstest.console.dll, MetadataReaderExtensionsHelper: Discovering extensions inside assembly 'Microsoft.TestPlatform.Extensions.BlameDataCollector, Version=15.0.0.0, Culture=neutral, PublicKeyToken=b03f5f7f11d50a3a' file path 'C:\Program Files\dotnet\sdk\6.0.401\Extensions\Microsoft.TestPlatform.Extensions.BlameDataCollector.dll'
TpTrace Information: 0 : 10204, 1, 2022/10/27, 00:29:07.857, 11362865747109, vstest.console.dll, AssemblyResolver.OnResolve: Microsoft.TestPlatform.Extensions.EventLogCollector: Resolving assembly.
TpTrace Information: 0 : 10204, 1, 2022/10/27, 00:29:07.857, 11362865749015, vstest.console.dll, AssemblyResolver.OnResolve: Microsoft.TestPlatform.Extensions.EventLogCollector: Searching in: 'C:\Program Files\dotnet\sdk\6.0.401\Extensions'.
TpTrace Information: 0 : 10204, 1, 2022/10/27, 00:29:07.858, 11362865757050, vstest.console.dll, AssemblyResolver.OnResolve: Microsoft.TestPlatform.Extensions.EventLogCollector: Loading assembly 'C:\Program Files\dotnet\sdk\6.0.401\Extensions\Microsoft.TestPlatform.Extensions.EventLogCollector.dll'.
TpTrace Information: 0 : 10204, 1, 2022/10/27, 00:29:07.859, 11362865765991, vstest.console.dll, AssemblyResolver.OnResolve: Resolved assembly: Microsoft.TestPlatform.Extensions.EventLogCollector, from path: C:\Program Files\dotnet\sdk\6.0.401\Extensions\Microsoft.TestPlatform.Extensions.EventLogCollector.dll
TpTrace Verbose: 0 : 10204, 1, 2022/10/27, 00:29:07.859, 11362865767333, vstest.console.dll, MetadataReaderExtensionsHelper: Discovering extensions inside assembly 'Microsoft.TestPlatform.Extensions.EventLogCollector, Version=15.0.0.0, Culture=neutral, PublicKeyToken=b03f5f7f11d50a3a' file path 'C:\Program Files\dotnet\sdk\6.0.401\Extensions\Microsoft.TestPlatform.Extensions.EventLogCollector.dll'
TpTrace Information: 0 : 10204, 1, 2022/10/27, 00:29:07.863, 11362865806903, vstest.console.dll, AssemblyResolver.OnResolve: Microsoft.TestPlatform.TestHostRuntimeProvider: Resolving assembly.
TpTrace Information: 0 : 10204, 1, 2022/10/27, 00:29:07.863, 11362865808861, vstest.console.dll, AssemblyResolver.OnResolve: Microsoft.TestPlatform.TestHostRuntimeProvider: Searching in: 'C:\Program Files\dotnet\sdk\6.0.401\Extensions'.
TpTrace Information: 0 : 10204, 1, 2022/10/27, 00:29:07.864, 11362865819787, vstest.console.dll, AssemblyResolver.OnResolve: Microsoft.TestPlatform.TestHostRuntimeProvider: Loading assembly 'C:\Program Files\dotnet\sdk\6.0.401\Extensions\Microsoft.TestPlatform.TestHostRuntimeProvider.dll'.
TpTrace Information: 0 : 10204, 1, 2022/10/27, 00:29:07.866, 11362865830350, vstest.console.dll, AssemblyResolver.OnResolve: Resolved assembly: Microsoft.TestPlatform.TestHostRuntimeProvider, from path: C:\Program Files\dotnet\sdk\6.0.401\Extensions\Microsoft.TestPlatform.TestHostRuntimeProvider.dll
TpTrace Verbose: 0 : 10204, 1, 2022/10/27, 00:29:07.866, 11362865833709, vstest.console.dll, MetadataReaderExtensionsHelper: Discovering extensions inside assembly 'Microsoft.TestPlatform.TestHostRuntimeProvider, Version=15.0.0.0, Culture=neutral, PublicKeyToken=b03f5f7f11d50a3a' file path 'C:\Program Files\dotnet\sdk\6.0.401\Extensions\Microsoft.TestPlatform.TestHostRuntimeProvider.dll'
TpTrace Information: 0 : 10204, 1, 2022/10/27, 00:29:07.871, 11362865889487, vstest.console.dll, GetTestExtensionFromType: Register extension with identifier data 'HostProvider://DefaultTestHost' and type 'Microsoft.VisualStudio.TestPlatform.CrossPlatEngine.Hosting.DefaultTestHostManager, Microsoft.TestPlatform.TestHostRuntimeProvider, Version=15.0.0.0, Culture=neutral, PublicKeyToken=b03f5f7f11d50a3a' inside file 'C:\Program Files\dotnet\sdk\6.0.401\Extensions\Microsoft.TestPlatform.TestHostRuntimeProvider.dll'
TpTrace Information: 0 : 10204, 1, 2022/10/27, 00:29:07.872, 11362865891450, vstest.console.dll, GetTestExtensionFromType: Register extension with identifier data 'HostProvider://DotnetTestHost' and type 'Microsoft.VisualStudio.TestPlatform.CrossPlatEngine.Hosting.DotnetTestHostManager, Microsoft.TestPlatform.TestHostRuntimeProvider, Version=15.0.0.0, Culture=neutral, PublicKeyToken=b03f5f7f11d50a3a' inside file 'C:\Program Files\dotnet\sdk\6.0.401\Extensions\Microsoft.TestPlatform.TestHostRuntimeProvider.dll'
TpTrace Information: 0 : 10204, 1, 2022/10/27, 00:29:07.872, 11362865892932, vstest.console.dll, AssemblyResolver.OnResolve: Microsoft.VisualStudio.TestPlatform.Extensions.Html.TestLogger: Resolving assembly.
TpTrace Information: 0 : 10204, 1, 2022/10/27, 00:29:07.872, 11362865893750, vstest.console.dll, AssemblyResolver.OnResolve: Microsoft.VisualStudio.TestPlatform.Extensions.Html.TestLogger: Searching in: 'C:\Program Files\dotnet\sdk\6.0.401\Extensions'.
TpTrace Information: 0 : 10204, 1, 2022/10/27, 00:29:07.873, 11362865902682, vstest.console.dll, AssemblyResolver.OnResolve: Microsoft.VisualStudio.TestPlatform.Extensions.Html.TestLogger: Loading assembly 'C:\Program Files\dotnet\sdk\6.0.401\Extensions\Microsoft.VisualStudio.TestPlatform.Extensions.Html.TestLogger.dll'.
TpTrace Information: 0 : 10204, 1, 2022/10/27, 00:29:07.874, 11362865913430, vstest.console.dll, AssemblyResolver.OnResolve: Resolved assembly: Microsoft.VisualStudio.TestPlatform.Extensions.Html.TestLogger, from path: C:\Program Files\dotnet\sdk\6.0.401\Extensions\Microsoft.VisualStudio.TestPlatform.Extensions.Html.TestLogger.dll
TpTrace Verbose: 0 : 10204, 1, 2022/10/27, 00:29:07.874, 11362865914740, vstest.console.dll, MetadataReaderExtensionsHelper: Discovering extensions inside assembly 'Microsoft.VisualStudio.TestPlatform.Extensions.Html.TestLogger, Version=15.0.0.0, Culture=neutral, PublicKeyToken=b03f5f7f11d50a3a' file path 'C:\Program Files\dotnet\sdk\6.0.401\Extensions\Microsoft.VisualStudio.TestPlatform.Extensions.Html.TestLogger.dll'
TpTrace Information: 0 : 10204, 1, 2022/10/27, 00:29:07.875, 11362865929624, vstest.console.dll, AssemblyResolver.OnResolve: Microsoft.VisualStudio.TestPlatform.Extensions.Trx.TestLogger: Resolving assembly.
TpTrace Information: 0 : 10204, 1, 2022/10/27, 00:29:07.876, 11362865930697, vstest.console.dll, AssemblyResolver.OnResolve: Microsoft.VisualStudio.TestPlatform.Extensions.Trx.TestLogger: Searching in: 'C:\Program Files\dotnet\sdk\6.0.401\Extensions'.
TpTrace Information: 0 : 10204, 1, 2022/10/27, 00:29:07.876, 11362865938847, vstest.console.dll, AssemblyResolver.OnResolve: Microsoft.VisualStudio.TestPlatform.Extensions.Trx.TestLogger: Loading assembly 'C:\Program Files\dotnet\sdk\6.0.401\Extensions\Microsoft.VisualStudio.TestPlatform.Extensions.Trx.TestLogger.dll'.
TpTrace Information: 0 : 10204, 1, 2022/10/27, 00:29:07.877, 11362865949436, vstest.console.dll, AssemblyResolver.OnResolve: Resolved assembly: Microsoft.VisualStudio.TestPlatform.Extensions.Trx.TestLogger, from path: C:\Program Files\dotnet\sdk\6.0.401\Extensions\Microsoft.VisualStudio.TestPlatform.Extensions.Trx.TestLogger.dll
TpTrace Verbose: 0 : 10204, 1, 2022/10/27, 00:29:07.878, 11362865950779, vstest.console.dll, MetadataReaderExtensionsHelper: Discovering extensions inside assembly 'Microsoft.VisualStudio.TestPlatform.Extensions.Trx.TestLogger, Version=15.0.0.0, Culture=neutral, PublicKeyToken=b03f5f7f11d50a3a' file path 'C:\Program Files\dotnet\sdk\6.0.401\Extensions\Microsoft.VisualStudio.TestPlatform.Extensions.Trx.TestLogger.dll'
TpTrace Verbose: 0 : 10204, 1, 2022/10/27, 00:29:07.880, 11362865973749, vstest.console.dll, TestPluginCache: Discovered the extensions using extension path ''.
TpTrace Verbose: 0 : 10204, 1, 2022/10/27, 00:29:07.880, 11362865975033, vstest.console.dll, TestPluginCache: Discoverers are ''.
TpTrace Verbose: 0 : 10204, 1, 2022/10/27, 00:29:07.880, 11362865975581, vstest.console.dll, TestPluginCache: Executors are ''.
TpTrace Verbose: 0 : 10204, 1, 2022/10/27, 00:29:07.880, 11362865976184, vstest.console.dll, TestPluginCache: Executors2 are ''.
TpTrace Verbose: 0 : 10204, 1, 2022/10/27, 00:29:07.880, 11362865976832, vstest.console.dll, TestPluginCache: Setting providers are ''.
TpTrace Verbose: 0 : 10204, 1, 2022/10/27, 00:29:07.880, 11362865977317, vstest.console.dll, TestPluginCache: Loggers are ''.
TpTrace Verbose: 0 : 10204, 1, 2022/10/27, 00:29:07.881, 11362865981107, vstest.console.dll, TestPluginCache: TestHosts are 'HostProvider://DefaultTestHost,HostProvider://DotnetTestHost'.
TpTrace Verbose: 0 : 10204, 1, 2022/10/27, 00:29:07.881, 11362865981779, vstest.console.dll, TestPluginCache: DataCollectors are ''.
TpTrace Information: 0 : 10204, 1, 2022/10/27, 00:29:07.901, 11362866188888, vstest.console.dll, RunTestsArgumentProcessor:Execute: Test run is starting.
TpTrace Verbose: 0 : 10204, 1, 2022/10/27, 00:29:07.902, 11362866191241, vstest.console.dll, RunTestsArgumentProcessor:Execute: Queuing Test run.
TpTrace Information: 0 : 10204, 1, 2022/10/27, 00:29:07.902, 11362866200240, vstest.console.dll, TestRequestManager.RunTests: run tests started.
TpTrace Information: 0 : 10204, 1, 2022/10/27, 00:29:07.906, 11362866234308, vstest.console.dll, AssemblyMetadataProvider.GetFrameworkName: Determined framework:'.NETCoreApp,Version=v6.0' for source: 'D:\github\ChampionsDevs\Customer\UnitTests\bin\Debug\net6.0\fine-code-coverage\build-output\UnitTests.dll'
TpTrace Information: 0 : 10204, 1, 2022/10/27, 00:29:07.906, 11362866236901, vstest.console.dll, Determined framework for all sources: .NETCoreApp,Version=v6.0
TpTrace Verbose: 0 : 10204, 1, 2022/10/27, 00:29:07.907, 11362866245923, vstest.console.dll, TestRequestManager.UpdateRunSettingsIfRequired: Default architecture: X64 IsDefaultTargetArchitecture: True, Current process architecture: X64 OperatingSystem: Windows.
TpTrace Information: 0 : 10204, 1, 2022/10/27, 00:29:07.912, 11362866292581, vstest.console.dll, AssemblyMetadataProvider.GetArchitecture: Determined architecture:AnyCPU info for assembly: D:\github\ChampionsDevs\Customer\UnitTests\bin\Debug\net6.0\fine-code-coverage\build-output\UnitTests.dll
TpTrace Information: 0 : 10204, 1, 2022/10/27, 00:29:07.912, 11362866294260, vstest.console.dll, Determined platform for source 'D:\github\ChampionsDevs\Customer\UnitTests\bin\Debug\net6.0\fine-code-coverage\build-output\UnitTests.dll' was AnyCPU and it will use the default plaform X64.
TpTrace Information: 0 : 10204, 1, 2022/10/27, 00:29:07.912, 11362866294884, vstest.console.dll, None of the sources provided any runnable platform, using the default platform: X64
TpTrace Information: 0 : 10204, 1, 2022/10/27, 00:29:07.912, 11362866297060, vstest.console.dll, Platform was updated to 'X64'.
TpTrace Information: 0 : 10204, 1, 2022/10/27, 00:29:07.920, 11362866370869, vstest.console.dll, InferRunSettingsHelper.IsTestSettingsEnabled: Unable to navigate to RunSettings/MSTest. Current node: RunSettings
TpTrace Information: 0 : 10204, 1, 2022/10/27, 00:29:07.921, 11362866382965, vstest.console.dll, AssemblyResolver.OnResolve: Microsoft.VisualStudio.TestPlatform.Fakes: Resolving assembly.
TpTrace Information: 0 : 10204, 1, 2022/10/27, 00:29:07.921, 11362866384174, vstest.console.dll, AssemblyResolver.OnResolve: Microsoft.VisualStudio.TestPlatform.Fakes: Searching in: 'C:\Program Files\dotnet\sdk\6.0.401\Extensions'.
TpTrace Information: 0 : 10204, 1, 2022/10/27, 00:29:07.921, 11362866386069, vstest.console.dll, AssemblyResolver.OnResolve: Microsoft.VisualStudio.TestPlatform.Fakes: Assembly path does not exist: 'C:\Program Files\dotnet\sdk\6.0.401\Extensions\Microsoft.VisualStudio.TestPlatform.Fakes.dll', returning.
TpTrace Information: 0 : 10204, 1, 2022/10/27, 00:29:07.921, 11362866387485, vstest.console.dll, AssemblyResolver.OnResolve: Microsoft.VisualStudio.TestPlatform.Fakes: Assembly path does not exist: 'C:\Program Files\dotnet\sdk\6.0.401\Extensions\Microsoft.VisualStudio.TestPlatform.Fakes.exe', returning.
TpTrace Information: 0 : 10204, 1, 2022/10/27, 00:29:07.921, 11362866388148, vstest.console.dll, AssemblyResolver.OnResolve: Microsoft.VisualStudio.TestPlatform.Fakes: Searching in: 'C:\Program Files\dotnet\sdk\6.0.401'.
TpTrace Information: 0 : 10204, 1, 2022/10/27, 00:29:07.921, 11362866389359, vstest.console.dll, AssemblyResolver.OnResolve: Microsoft.VisualStudio.TestPlatform.Fakes: Assembly path does not exist: 'C:\Program Files\dotnet\sdk\6.0.401\Microsoft.VisualStudio.TestPlatform.Fakes.dll', returning.
TpTrace Information: 0 : 10204, 1, 2022/10/27, 00:29:07.922, 11362866390579, vstest.console.dll, AssemblyResolver.OnResolve: Microsoft.VisualStudio.TestPlatform.Fakes: Assembly path does not exist: 'C:\Program Files\dotnet\sdk\6.0.401\Microsoft.VisualStudio.TestPlatform.Fakes.exe', returning.
TpTrace Information: 0 : 10204, 1, 2022/10/27, 00:29:07.922, 11362866391280, vstest.console.dll, AssemblyResolver.OnResolve: Microsoft.VisualStudio.TestPlatform.Fakes: Failed to load assembly.
TpTrace Information: 0 : 10204, 1, 2022/10/27, 00:29:07.922, 11362866395651, vstest.console.dll, Failed to load assembly Microsoft.VisualStudio.TestPlatform.Fakes, Version=17.0.0.0, Culture=neutral. Reason:System.IO.FileNotFoundException: Could not load file or assembly 'Microsoft.VisualStudio.TestPlatform.Fakes, Version=17.0.0.0, Culture=neutral, PublicKeyToken=null'. The system cannot find the file specified.
File name: 'Microsoft.VisualStudio.TestPlatform.Fakes, Version=17.0.0.0, Culture=neutral, PublicKeyToken=null'
   at System.Reflection.RuntimeAssembly.InternalLoad(ObjectHandleOnStack assemblyName, ObjectHandleOnStack requestingAssembly, StackCrawlMarkHandle stackMark, Boolean throwOnFileNotFound, ObjectHandleOnStack assemblyLoadContext, ObjectHandleOnStack retAssembly)
   at System.Reflection.RuntimeAssembly.InternalLoad(AssemblyName assemblyName, RuntimeAssembly requestingAssembly, StackCrawlMark& stackMark, Boolean throwOnFileNotFound, AssemblyLoadContext assemblyLoadContext)
   at System.Reflection.Assembly.Load(AssemblyName assemblyRef)
   at Microsoft.VisualStudio.TestPlatform.Common.Utilities.FakesUtilities.LoadTestPlatformAssembly()
TpTrace Verbose: 0 : 10204, 1, 2022/10/27, 00:29:07.928, 11362866451541, vstest.console.dll, TestPluginCache.DiscoverTestExtensions: finding test extensions in assemblies ends with: TestLogger.dll TPluginInfo: Microsoft.VisualStudio.TestPlatform.Common.ExtensionFramework.Utilities.TestLoggerPluginInformation TExtension: Microsoft.VisualStudio.TestPlatform.ObjectModel.Client.ITestLogger
TpTrace Verbose: 0 : 10204, 1, 2022/10/27, 00:29:07.928, 11362866453426, vstest.console.dll, TestPluginCache.GetExtensionPaths: Filtered extension paths: 
TpTrace Verbose: 0 : 10204, 1, 2022/10/27, 00:29:07.928, 11362866454222, vstest.console.dll, TestPluginCache.GetExtensionPaths: Added default extension paths: C:\Program Files\dotnet\sdk\6.0.401\Extensions\Microsoft.Diagnostics.NETCore.Client.dll
C:\Program Files\dotnet\sdk\6.0.401\Extensions\Microsoft.TestPlatform.Extensions.BlameDataCollector.dll
C:\Program Files\dotnet\sdk\6.0.401\Extensions\Microsoft.TestPlatform.Extensions.EventLogCollector.dll
C:\Program Files\dotnet\sdk\6.0.401\Extensions\Microsoft.TestPlatform.TestHostRuntimeProvider.dll
C:\Program Files\dotnet\sdk\6.0.401\Extensions\Microsoft.VisualStudio.TestPlatform.Extensions.Html.TestLogger.dll
C:\Program Files\dotnet\sdk\6.0.401\Extensions\Microsoft.VisualStudio.TestPlatform.Extensions.Trx.TestLogger.dll
TpTrace Verbose: 0 : 10204, 1, 2022/10/27, 00:29:07.928, 11362866454824, vstest.console.dll, TestPluginCache.GetExtensionPaths: Added unfilterableExtensionPaths: 
TpTrace Information: 0 : 10204, 1, 2022/10/27, 00:29:07.928, 11362866457586, vstest.console.dll, AssemblyResolver.AddSearchDirectories: Adding more searchDirectories C:\Program Files\dotnet\sdk\6.0.401\Extensions,C:\Program Files\dotnet\sdk\6.0.401
TpTrace Verbose: 0 : 10204, 1, 2022/10/27, 00:29:07.928, 11362866458530, vstest.console.dll, TestPluginCache.DiscoverTestExtensions: Discovering the extensions using extension path.
TpTrace Verbose: 0 : 10204, 1, 2022/10/27, 00:29:07.928, 11362866459409, vstest.console.dll, TestPluginCache.GetExtensionPaths: Filtered extension paths: 
TpTrace Verbose: 0 : 10204, 1, 2022/10/27, 00:29:07.928, 11362866460059, vstest.console.dll, TestPluginCache.GetExtensionPaths: Added default extension paths: C:\Program Files\dotnet\sdk\6.0.401\Extensions\Microsoft.Diagnostics.NETCore.Client.dll
C:\Program Files\dotnet\sdk\6.0.401\Extensions\Microsoft.TestPlatform.Extensions.BlameDataCollector.dll
C:\Program Files\dotnet\sdk\6.0.401\Extensions\Microsoft.TestPlatform.Extensions.EventLogCollector.dll
C:\Program Files\dotnet\sdk\6.0.401\Extensions\Microsoft.TestPlatform.TestHostRuntimeProvider.dll
C:\Program Files\dotnet\sdk\6.0.401\Extensions\Microsoft.VisualStudio.TestPlatform.Extensions.Html.TestLogger.dll
C:\Program Files\dotnet\sdk\6.0.401\Extensions\Microsoft.VisualStudio.TestPlatform.Extensions.Trx.TestLogger.dll
TpTrace Verbose: 0 : 10204, 1, 2022/10/27, 00:29:07.929, 11362866460595, vstest.console.dll, TestPluginCache.GetExtensionPaths: Added unfilterableExtensionPaths: 
TpTrace Verbose: 0 : 10204, 1, 2022/10/27, 00:29:07.929, 11362866462469, vstest.console.dll, TestPluginCache.DiscoverTestExtensions: Discovering the extensions using allExtensionPaths: C:\Program Files\dotnet\sdk\6.0.401\Extensions\Microsoft.Diagnostics.NETCore.Client.dll
C:\Program Files\dotnet\sdk\6.0.401\Extensions\Microsoft.TestPlatform.Extensions.BlameDataCollector.dll
C:\Program Files\dotnet\sdk\6.0.401\Extensions\Microsoft.TestPlatform.Extensions.EventLogCollector.dll
C:\Program Files\dotnet\sdk\6.0.401\Extensions\Microsoft.TestPlatform.TestHostRuntimeProvider.dll
C:\Program Files\dotnet\sdk\6.0.401\Extensions\Microsoft.VisualStudio.TestPlatform.Extensions.Html.TestLogger.dll
C:\Program Files\dotnet\sdk\6.0.401\Extensions\Microsoft.VisualStudio.TestPlatform.Extensions.Trx.TestLogger.dll
TpTrace Information: 0 : 10204, 1, 2022/10/27, 00:29:07.929, 11362866464034, vstest.console.dll, AssemblyResolver.AddSearchDirectories: Adding more searchDirectories C:\Program Files\dotnet\sdk\6.0.401\Extensions,C:\Program Files\dotnet\sdk\6.0.401
TpTrace Information: 0 : 10204, 1, 2022/10/27, 00:29:07.929, 11362866465003, vstest.console.dll, AssemblyResolver.AddSearchDirectories: Adding more searchDirectories C:\Program Files\dotnet\sdk\6.0.401\Extensions,C:\Program Files\dotnet\sdk\6.0.401
TpTrace Information: 0 : 10204, 1, 2022/10/27, 00:29:07.929, 11362866465635, vstest.console.dll, AssemblyResolver.AddSearchDirectories: Adding more searchDirectories C:\Program Files\dotnet\sdk\6.0.401\Extensions,C:\Program Files\dotnet\sdk\6.0.401
TpTrace Information: 0 : 10204, 1, 2022/10/27, 00:29:07.929, 11362866466251, vstest.console.dll, AssemblyResolver.AddSearchDirectories: Adding more searchDirectories C:\Program Files\dotnet\sdk\6.0.401\Extensions,C:\Program Files\dotnet\sdk\6.0.401
TpTrace Information: 0 : 10204, 1, 2022/10/27, 00:29:07.929, 11362866467272, vstest.console.dll, AssemblyResolver.AddSearchDirectories: Adding more searchDirectories C:\Program Files\dotnet\sdk\6.0.401\Extensions,C:\Program Files\dotnet\sdk\6.0.401
TpTrace Information: 0 : 10204, 1, 2022/10/27, 00:29:07.929, 11362866468289, vstest.console.dll, AssemblyResolver.AddSearchDirectories: Adding more searchDirectories C:\Program Files\dotnet\sdk\6.0.401\Extensions,C:\Program Files\dotnet\sdk\6.0.401
TpTrace Verbose: 0 : 10204, 1, 2022/10/27, 00:29:07.930, 11362866470477, vstest.console.dll, MetadataReaderExtensionsHelper: Discovering extensions inside assembly 'Microsoft.Diagnostics.NETCore.Client, Version=0.2.5.801, Culture=neutral, PublicKeyToken=31bf3856ad364e35' file path 'C:\Program Files\dotnet\sdk\6.0.401\Extensions\Microsoft.Diagnostics.NETCore.Client.dll'
TpTrace Information: 0 : 10204, 1, 2022/10/27, 00:29:07.931, 11362866483384, vstest.console.dll, AssemblyResolver.OnResolve: Microsoft.Bcl.AsyncInterfaces: Resolving assembly.
TpTrace Information: 0 : 10204, 1, 2022/10/27, 00:29:07.931, 11362866484302, vstest.console.dll, AssemblyResolver.OnResolve: Microsoft.Bcl.AsyncInterfaces: Resolved from cache.
TpTrace Verbose: 0 : 10204, 1, 2022/10/27, 00:29:07.931, 11362866484890, vstest.console.dll, CurrentDomainAssemblyResolve: Resolving assembly 'Microsoft.Bcl.AsyncInterfaces'.
TpTrace Information: 0 : 10204, 1, 2022/10/27, 00:29:07.931, 11362866485820, vstest.console.dll, AssemblyResolver.OnResolve: Microsoft.Bcl.AsyncInterfaces: Resolving assembly.
TpTrace Information: 0 : 10204, 1, 2022/10/27, 00:29:07.931, 11362866486335, vstest.console.dll, AssemblyResolver.OnResolve: Microsoft.Bcl.AsyncInterfaces: Resolved from cache.
TpTrace Verbose: 0 : 10204, 1, 2022/10/27, 00:29:07.931, 11362866486839, vstest.console.dll, CurrentDomainAssemblyResolve: Resolving assembly 'Microsoft.Bcl.AsyncInterfaces'.
TpTrace Verbose: 0 : 10204, 1, 2022/10/27, 00:29:07.931, 11362866487301, vstest.console.dll, CurrentDomainAssemblyResolve: Failed to resolve assembly 'Microsoft.Bcl.AsyncInterfaces'.
TpTrace Verbose: 0 : 10204, 1, 2022/10/27, 00:29:07.931, 11362866489713, vstest.console.dll, CurrentDomainAssemblyResolve: Failed to resolve assembly 'Microsoft.Bcl.AsyncInterfaces'.
TpTrace Warning: 0 : 10204, 1, 2022/10/27, 00:29:07.932, 11362866496203, vstest.console.dll, TestPluginDiscoverer: Failed to get types from assembly 'Microsoft.Diagnostics.NETCore.Client, Version=0.2.5.801, Culture=neutral, PublicKeyToken=31bf3856ad364e35'. Error: System.Reflection.ReflectionTypeLoadException: Unable to load one or more of the requested types.
Could not load file or assembly 'Microsoft.Bcl.AsyncInterfaces, Version=1.0.0.0, Culture=neutral, PublicKeyToken=cc7b13ffcd2ddd51'. The system cannot find the file specified.
   at System.Reflection.RuntimeModule.GetTypes(RuntimeModule module)
   at System.Reflection.Assembly.GetTypes()
   at Microsoft.VisualStudio.TestPlatform.Common.ExtensionFramework.TestPluginDiscoverer.GetTestExtensionsFromAssembly[TPluginInfo,TExtension](Assembly assembly, Dictionary`2 pluginInfos, String filePath)
System.IO.FileNotFoundException: Could not load file or assembly 'Microsoft.Bcl.AsyncInterfaces, Version=1.0.0.0, Culture=neutral, PublicKeyToken=cc7b13ffcd2ddd51'. The system cannot find the file specified.
File name: 'Microsoft.Bcl.AsyncInterfaces, Version=1.0.0.0, Culture=neutral, PublicKeyToken=cc7b13ffcd2ddd51'
 ---> System.IO.FileNotFoundException: Could not load file or assembly 'Microsoft.Bcl.AsyncInterfaces, Culture=neutral, PublicKeyToken=null'. The system cannot find the file specified.
File name: 'Microsoft.Bcl.AsyncInterfaces, Culture=neutral, PublicKeyToken=null'
   at System.Reflection.RuntimeAssembly.InternalLoad(ObjectHandleOnStack assemblyName, ObjectHandleOnStack requestingAssembly, StackCrawlMarkHandle stackMark, Boolean throwOnFileNotFound, ObjectHandleOnStack assemblyLoadContext, ObjectHandleOnStack retAssembly)
   at System.Reflection.RuntimeAssembly.InternalLoad(AssemblyName assemblyName, RuntimeAssembly requestingAssembly, StackCrawlMark& stackMark, Boolean throwOnFileNotFound, AssemblyLoadContext assemblyLoadContext)
   at System.Reflection.Assembly.Load(AssemblyName assemblyRef)
   at Microsoft.VisualStudio.TestPlatform.Common.ExtensionFramework.TestPluginCache.CurrentDomainAssemblyResolve(Object sender, AssemblyResolveEventArgs args)
   at Microsoft.VisualStudio.TestPlatform.PlatformAbstractions.PlatformAssemblyResolver.AssemblyResolverEvent(Object sender, Object eventArgs)
   at System.Runtime.Loader.AssemblyLoadContext.GetFirstResolvedAssemblyFromResolvingEvent(AssemblyName assemblyName)
   at System.Runtime.Loader.AssemblyLoadContext.ResolveUsingEvent(AssemblyName assemblyName)
   at System.Runtime.Loader.AssemblyLoadContext.ResolveUsingResolvingEvent(IntPtr gchManagedAssemblyLoadContext, AssemblyName assemblyName)
TpTrace Warning: 0 : 10204, 1, 2022/10/27, 00:29:07.932, 11362866500295, vstest.console.dll, LoaderExceptions: System.IO.FileNotFoundException: Could not load file or assembly 'Microsoft.Bcl.AsyncInterfaces, Version=1.0.0.0, Culture=neutral, PublicKeyToken=cc7b13ffcd2ddd51'. The system cannot find the file specified.
File name: 'Microsoft.Bcl.AsyncInterfaces, Version=1.0.0.0, Culture=neutral, PublicKeyToken=cc7b13ffcd2ddd51'
 ---> System.IO.FileNotFoundException: Could not load file or assembly 'Microsoft.Bcl.AsyncInterfaces, Culture=neutral, PublicKeyToken=null'. The system cannot find the file specified.
File name: 'Microsoft.Bcl.AsyncInterfaces, Culture=neutral, PublicKeyToken=null'
   at System.Reflection.RuntimeAssembly.InternalLoad(ObjectHandleOnStack assemblyName, ObjectHandleOnStack requestingAssembly, StackCrawlMarkHandle stackMark, Boolean throwOnFileNotFound, ObjectHandleOnStack assemblyLoadContext, ObjectHandleOnStack retAssembly)
   at System.Reflection.RuntimeAssembly.InternalLoad(AssemblyName assemblyName, RuntimeAssembly requestingAssembly, StackCrawlMark& stackMark, Boolean throwOnFileNotFound, AssemblyLoadContext assemblyLoadContext)
   at System.Reflection.Assembly.Load(AssemblyName assemblyRef)
   at Microsoft.VisualStudio.TestPlatform.Common.ExtensionFramework.TestPluginCache.CurrentDomainAssemblyResolve(Object sender, AssemblyResolveEventArgs args)
   at Microsoft.VisualStudio.TestPlatform.PlatformAbstractions.PlatformAssemblyResolver.AssemblyResolverEvent(Object sender, Object eventArgs)
   at System.Runtime.Loader.AssemblyLoadContext.GetFirstResolvedAssemblyFromResolvingEvent(AssemblyName assemblyName)
   at System.Runtime.Loader.AssemblyLoadContext.ResolveUsingEvent(AssemblyName assemblyName)
   at System.Runtime.Loader.AssemblyLoadContext.ResolveUsingResolvingEvent(IntPtr gchManagedAssemblyLoadContext, AssemblyName assemblyName)
TpTrace Verbose: 0 : 10204, 1, 2022/10/27, 00:29:07.933, 11362866502320, vstest.console.dll, MetadataReaderExtensionsHelper: Discovering extensions inside assembly 'Microsoft.TestPlatform.Extensions.BlameDataCollector, Version=15.0.0.0, Culture=neutral, PublicKeyToken=b03f5f7f11d50a3a' file path 'C:\Program Files\dotnet\sdk\6.0.401\Extensions\Microsoft.TestPlatform.Extensions.BlameDataCollector.dll'
TpTrace Information: 0 : 10204, 1, 2022/10/27, 00:29:07.935, 11362866528566, vstest.console.dll, GetTestExtensionFromType: Register extension with identifier data 'logger://Microsoft/TestPlatform/Extensions/Blame/v1' and type 'Microsoft.TestPlatform.Extensions.BlameDataCollector.BlameLogger, Microsoft.TestPlatform.Extensions.BlameDataCollector, Version=15.0.0.0, Culture=neutral, PublicKeyToken=b03f5f7f11d50a3a' inside file 'C:\Program Files\dotnet\sdk\6.0.401\Extensions\Microsoft.TestPlatform.Extensions.BlameDataCollector.dll'
TpTrace Verbose: 0 : 10204, 1, 2022/10/27, 00:29:07.936, 11362866530509, vstest.console.dll, MetadataReaderExtensionsHelper: Discovering extensions inside assembly 'Microsoft.TestPlatform.Extensions.EventLogCollector, Version=15.0.0.0, Culture=neutral, PublicKeyToken=b03f5f7f11d50a3a' file path 'C:\Program Files\dotnet\sdk\6.0.401\Extensions\Microsoft.TestPlatform.Extensions.EventLogCollector.dll'
TpTrace Verbose: 0 : 10204, 1, 2022/10/27, 00:29:07.937, 11362866543857, vstest.console.dll, MetadataReaderExtensionsHelper: Discovering extensions inside assembly 'Microsoft.TestPlatform.TestHostRuntimeProvider, Version=15.0.0.0, Culture=neutral, PublicKeyToken=b03f5f7f11d50a3a' file path 'C:\Program Files\dotnet\sdk\6.0.401\Extensions\Microsoft.TestPlatform.TestHostRuntimeProvider.dll'
TpTrace Verbose: 0 : 10204, 1, 2022/10/27, 00:29:07.938, 11362866553029, vstest.console.dll, MetadataReaderExtensionsHelper: Discovering extensions inside assembly 'Microsoft.VisualStudio.TestPlatform.Extensions.Html.TestLogger, Version=15.0.0.0, Culture=neutral, PublicKeyToken=b03f5f7f11d50a3a' file path 'C:\Program Files\dotnet\sdk\6.0.401\Extensions\Microsoft.VisualStudio.TestPlatform.Extensions.Html.TestLogger.dll'
TpTrace Information: 0 : 10204, 1, 2022/10/27, 00:29:07.939, 11362866562537, vstest.console.dll, GetTestExtensionFromType: Register extension with identifier data 'logger://Microsoft/TestPlatform/HtmlLogger/v1' and type 'Microsoft.VisualStudio.TestPlatform.Extensions.HtmlLogger.HtmlLogger, Microsoft.VisualStudio.TestPlatform.Extensions.Html.TestLogger, Version=15.0.0.0, Culture=neutral, PublicKeyToken=b03f5f7f11d50a3a' inside file 'C:\Program Files\dotnet\sdk\6.0.401\Extensions\Microsoft.VisualStudio.TestPlatform.Extensions.Html.TestLogger.dll'
TpTrace Verbose: 0 : 10204, 1, 2022/10/27, 00:29:07.939, 11362866564013, vstest.console.dll, MetadataReaderExtensionsHelper: Discovering extensions inside assembly 'Microsoft.VisualStudio.TestPlatform.Extensions.Trx.TestLogger, Version=15.0.0.0, Culture=neutral, PublicKeyToken=b03f5f7f11d50a3a' file path 'C:\Program Files\dotnet\sdk\6.0.401\Extensions\Microsoft.VisualStudio.TestPlatform.Extensions.Trx.TestLogger.dll'
TpTrace Information: 0 : 10204, 1, 2022/10/27, 00:29:07.940, 11362866573467, vstest.console.dll, GetTestExtensionFromType: Register extension with identifier data 'logger://Microsoft/TestPlatform/TrxLogger/v1' and type 'Microsoft.VisualStudio.TestPlatform.Extensions.TrxLogger.TrxLogger, Microsoft.VisualStudio.TestPlatform.Extensions.Trx.TestLogger, Version=15.0.0.0, Culture=neutral, PublicKeyToken=b03f5f7f11d50a3a' inside file 'C:\Program Files\dotnet\sdk\6.0.401\Extensions\Microsoft.VisualStudio.TestPlatform.Extensions.Trx.TestLogger.dll'
TpTrace Verbose: 0 : 10204, 1, 2022/10/27, 00:29:07.940, 11362866574722, vstest.console.dll, TestPluginCache: Discovered the extensions using extension path ''.
TpTrace Verbose: 0 : 10204, 1, 2022/10/27, 00:29:07.940, 11362866575337, vstest.console.dll, TestPluginCache: Discoverers are ''.
TpTrace Verbose: 0 : 10204, 1, 2022/10/27, 00:29:07.940, 11362866575808, vstest.console.dll, TestPluginCache: Executors are ''.
TpTrace Verbose: 0 : 10204, 1, 2022/10/27, 00:29:07.940, 11362866576252, vstest.console.dll, TestPluginCache: Executors2 are ''.
TpTrace Verbose: 0 : 10204, 1, 2022/10/27, 00:29:07.940, 11362866576694, vstest.console.dll, TestPluginCache: Setting providers are ''.
TpTrace Verbose: 0 : 10204, 1, 2022/10/27, 00:29:07.940, 11362866577945, vstest.console.dll, TestPluginCache: Loggers are 'logger://Microsoft/TestPlatform/Extensions/Blame/v1,logger://Microsoft/TestPlatform/HtmlLogger/v1,logger://Microsoft/TestPlatform/TrxLogger/v1'.
TpTrace Verbose: 0 : 10204, 1, 2022/10/27, 00:29:07.940, 11362866578758, vstest.console.dll, TestPluginCache: TestHosts are 'HostProvider://DefaultTestHost,HostProvider://DotnetTestHost'.
TpTrace Verbose: 0 : 10204, 1, 2022/10/27, 00:29:07.940, 11362866579272, vstest.console.dll, TestPluginCache: DataCollectors are ''.
TpTrace Information: 0 : 10204, 1, 2022/10/27, 00:29:07.941, 11362866589270, vstest.console.dll, TestPluginManager.CreateTestExtension: Attempting to load test extension: Microsoft.TestPlatform.Extensions.BlameDataCollector.BlameLogger
TpTrace Verbose: 0 : 10204, 1, 2022/10/27, 00:29:07.950, 11362866676644, vstest.console.dll, TestEngine: Initializing Parallel Execution as MaxCpuCount is set to: 1
TpTrace Information: 0 : 10204, 1, 2022/10/27, 00:29:07.953, 11362866700567, vstest.console.dll, TestPluginManager.CreateTestExtension: Attempting to load test extension: Microsoft.VisualStudio.TestPlatform.CrossPlatEngine.Hosting.DefaultTestHostManager
TpTrace Information: 0 : 10204, 1, 2022/10/27, 00:29:07.954, 11362866711890, vstest.console.dll, TestPluginManager.CreateTestExtension: Attempting to load test extension: Microsoft.VisualStudio.TestPlatform.CrossPlatEngine.Hosting.DotnetTestHostManager
TpTrace Information: 0 : 10204, 1, 2022/10/27, 00:29:07.955, 11362866721164, vstest.console.dll, InferRunSettingsHelper.IsTestSettingsEnabled: Unable to navigate to RunSettings/MSTest. Current node: RunSettings
TpTrace Verbose: 0 : 10204, 1, 2022/10/27, 00:29:07.963, 11362866807947, vstest.console.dll, TestEngine.GetExecutionManager: Chosen execution manager 'Microsoft.VisualStudio.TestPlatform.CrossPlatEngine.Client.Parallel.ParallelProxyExecutionManager, Microsoft.TestPlatform.CrossPlatEngine, Version=15.0.0.0, Culture=neutral, PublicKeyToken=b03f5f7f11d50a3a' ParallelLevel '1'.
TpTrace Verbose: 0 : 10204, 1, 2022/10/27, 00:29:07.964, 11362866810974, vstest.console.dll, TestRunRequest.ExecuteAsync: Creating test run request.
TpTrace Verbose: 0 : 10204, 1, 2022/10/27, 00:29:07.964, 11362866816663, vstest.console.dll, TestRunRequest.ExecuteAsync: Starting.
TpTrace Information: 0 : 10204, 1, 2022/10/27, 00:29:07.965, 11362866823056, vstest.console.dll, TestRunRequest.ExecuteAsync: Starting run with settings:TestRunCriteria:
   KeepAlive=False,FrequencyOfRunStatsChangeEvent=10,RunStatsChangeEventTimeout=00:00:01.5000000,TestCaseFilter=,TestExecutorLauncher=
   Settingsxml=<RunSettings>
  <RunConfiguration>
    <ResultsDirectory>D:\github\ChampionsDevs\Customer\UnitTests\bin\Debug\net6.0\fine-code-coverage\coverage-tool-output</ResultsDirectory>
    <TargetPlatform>X64</TargetPlatform>
    <TargetFrameworkVersion>.NETCoreApp,Version=v6.0</TargetFrameworkVersion>
    <DesignMode>False</DesignMode>
    <CollectSourceInformation>False</CollectSourceInformation>
  </RunConfiguration>
  <LoggerRunSettings>
    <Loggers>
      <Logger friendlyName="blame" enabled="True" />
      <Logger friendlyName="Console" uri="logger://microsoft/TestPlatform/ConsoleLogger/v1" assemblyQualifiedName="Microsoft.VisualStudio.TestPlatform.CommandLine.Internal.ConsoleLogger, vstest.console, Version=15.0.0.0, Culture=neutral, PublicKeyToken=b03f5f7f11d50a3a" codeBase="C:\Program Files\dotnet\sdk\6.0.401\vstest.console.dll" enabled="True" />
    </Loggers>
  </LoggerRunSettings>
  <DataCollectionRunSettings>
    <DataCollectors>
      <DataCollector friendlyName="blame" enabled="True">
        <Configuration>
          <ResultsDirectory>D:\github\ChampionsDevs\Customer\UnitTests\bin\Debug\net6.0\fine-code-coverage\coverage-tool-output</ResultsDirectory>
        </Configuration>
      </DataCollector>
    </DataCollectors>
  </DataCollectionRunSettings>
</RunSettings>

TpTrace Verbose: 0 : 10204, 1, 2022/10/27, 00:29:07.965, 11362866824989, vstest.console.dll, TestRunRequest.ExecuteAsync: Wait for the first run request is over.
TpTrace Verbose: 0 : 10204, 1, 2022/10/27, 00:29:07.966, 11362866830611, vstest.console.dll, MulticastDelegateUtilities.SafeInvoke: TestRun.TestRunStart: Invoking callbacks was skipped because there are no subscribers.
TpTrace Verbose: 0 : 10204, 4, 2022/10/27, 00:29:07.966, 11362866838695, vstest.console.dll, MulticastDelegateUtilities.SafeInvoke: InternalTestLoggerEvents.SendTestRunStart: Invoking callback 1/1 for Microsoft.VisualStudio.TestPlatform.CommandLine.Internal.ConsoleLogger.TestRunStartHandler, took 0 ms.
TpTrace Verbose: 0 : 10204, 1, 2022/10/27, 00:29:07.968, 11362866858153, vstest.console.dll, ParallelProxyExecutionManager: Start execution. Total sources: 1
TpTrace Verbose: 0 : 10204, 1, 2022/10/27, 00:29:07.972, 11362866890672, vstest.console.dll, TestRequestSender is acting as server.
TpTrace Verbose: 0 : 10204, 1, 2022/10/27, 00:29:07.974, 11362866911878, vstest.console.dll, DataCollectionRequestSender.InitializeCommunication : Initialize communication. 
TpTrace Information: 0 : 10204, 1, 2022/10/27, 00:29:07.984, 11362867014208, vstest.console.dll, Listening on Endpoint : 127.0.0.1:58481
TpTrace Verbose: 0 : 10204, 1, 2022/10/27, 00:29:07.996, 11362867138094, vstest.console.dll, DotnetDataCollectionLauncher: Adding  --runtimeconfig "C:\Program Files\dotnet\sdk\6.0.401\datacollector.runtimeconfig.json" in args
TpTrace Verbose: 0 : 10204, 1, 2022/10/27, 00:29:07.997, 11362867140807, vstest.console.dll, DotnetDataCollectionLauncher: Adding  --depsfile "C:\Program Files\dotnet\sdk\6.0.401\datacollector.deps.json" in args
TpTrace Verbose: 0 : 10204, 1, 2022/10/27, 00:29:07.997, 11362867145929, vstest.console.dll, DotnetDataCollectionLauncher: Full path of dotnet.exe is C:\Program Files\dotnet\dotnet.exe
TpTrace Information: 0 : 10204, 1, 2022/10/27, 00:29:08.014, 11362867312124, vstest.console.dll, ProxyDataCollectionManager.Initialize: Launched datacollector processId: 13896 port: 58481
TpTrace Information: 0 : 10204, 1, 2022/10/27, 00:29:08.014, 11362867318266, vstest.console.dll, ProxyDataCollectionManager.Initialize: waiting for connection with timeout: 90 seconds
TpTrace Verbose: 0 : 10204, 1, 2022/10/27, 00:29:08.015, 11362867320413, vstest.console.dll, DataCollectionRequestSender.WaitForRequestHandlerConnection : Waiting for connection with timeout: 90000
TpTrace Information: 0 : 10204, 5, 2022/10/27, 00:29:08.308, 11362870254188, vstest.console.dll, Using the buffer size of 16384 bytes
TpTrace Verbose: 0 : 10204, 1, 2022/10/27, 00:29:08.308, 11362870254648, vstest.console.dll, SocketCommunicationManager.WaitForClientConnection took: 293 ms, with 90000 ms timeout, and finished with True.
TpTrace Information: 0 : 10204, 5, 2022/10/27, 00:29:08.308, 11362870256154, vstest.console.dll, Accepted Client request and set the flag
TpTrace Verbose: 0 : 10204, 1, 2022/10/27, 00:29:08.308, 11362870259328, vstest.console.dll, ProxyDataCollectionManager.InvokeDataCollectionServiceAction: Starting.
TpTrace Information: 0 : 10204, 1, 2022/10/27, 00:29:08.309, 11362870261727, vstest.console.dll, ProxyDataCollectionManager.BeforeTestRunStart: Get environment variable and port for datacollector processId: 13896 port: 58481
TpTrace Verbose: 0 : 10204, 1, 2022/10/27, 00:29:08.309, 11362870264758, vstest.console.dll, DataCollectionRequestSender.SendBeforeTestRunStartAndGetResult: Send BeforeTestRunStart message with settingsXml <RunSettings><RunConfiguration><ResultsDirectory>D:\github\ChampionsDevs\Customer\UnitTests\bin\Debug\net6.0\fine-code-coverage\coverage-tool-output</ResultsDirectory><TargetPlatform>X64</TargetPlatform><TargetFrameworkVersion>.NETCoreApp,Version=v6.0</TargetFrameworkVersion><DesignMode>False</DesignMode><CollectSourceInformation>False</CollectSourceInformation><TestAdaptersPaths>C:\Program Files\dotnet\sdk\6.0.401\Extensions</TestAdaptersPaths></RunConfiguration><LoggerRunSettings><Loggers><Logger friendlyName="blame" enabled="True" /><Logger friendlyName="Console" uri="logger://microsoft/TestPlatform/ConsoleLogger/v1" assemblyQualifiedName="Microsoft.VisualStudio.TestPlatform.CommandLine.Internal.ConsoleLogger, vstest.console, Version=15.0.0.0, Culture=neutral, PublicKeyToken=b03f5f7f11d50a3a" codeBase="C:\Program Files\dotnet\sdk\6.0.401\vstest.console.dll" enabled="True" /></Loggers></LoggerRunSettings><DataCollectionRunSettings><DataCollectors><DataCollector friendlyName="blame" enabled="True"><Configuration><ResultsDirectory>D:\github\ChampionsDevs\Customer\UnitTests\bin\Debug\net6.0\fine-code-coverage\coverage-tool-output</ResultsDirectory></Configuration></DataCollector></DataCollectors></DataCollectionRunSettings></RunSettings> and sources System.Collections.Generic.List`1[System.String]: 
TpTrace Verbose: 0 : 10204, 1, 2022/10/27, 00:29:08.458, 11362871751633, vstest.console.dll, DataCollectionRequestSender.SendBeforeTestRunStartAndGetResult: Received message: (DataCollection.SendMessage) -> {"MessageType":"DataCollection.SendMessage","Payload":{"FriendlyName":null,"Uri":null,"TestCaseId":"00000000-0000-0000-0000-000000000000","Message":"Logging DataCollector Diagnostics in file: D:\\github\\ChampionsDevs\\Customer\\UnitTests\\bin\\Debug\\net6.0\\fine-code-coverage\\coverage-tool-output\\diagnostics.datacollector.22-10-27_00-29-07_99612_1.log","Level":0}}
TpTrace Verbose: 0 : 10204, 1, 2022/10/27, 00:29:08.629, 11362873462102, vstest.console.dll, DataCollectionRequestSender.SendBeforeTestRunStartAndGetResult: Received message: (DataCollection.BeforeTestRunStartResult) -> {"MessageType":"DataCollection.BeforeTestRunStartResult","Payload":{"EnvironmentVariables":{},"DataCollectionEventsPort":58483}}
TpTrace Information: 0 : 10204, 1, 2022/10/27, 00:29:08.641, 11362873585010, vstest.console.dll, ProxyDataCollectionManager.BeforeTestRunStart: SendBeforeTestRunStartAndGetResult successful, env variable from datacollector:   and testhost port: 58483
TpTrace Information: 0 : 10204, 1, 2022/10/27, 00:29:08.641, 11362873586607, vstest.console.dll, ProxyDataCollectionManager.InvokeDataCollectionServiceAction: Completed.
TpTrace Verbose: 0 : 10204, 1, 2022/10/27, 00:29:08.641, 11362873589307, vstest.console.dll, ProxyParallelExecutionManager: No sources available for execution.
TpTrace Verbose: 0 : 10204, 7, 2022/10/27, 00:29:08.641, 11362873589258, vstest.console.dll, ParallelProxyExecutionManager: Execution started. Started clients: 1
TpTrace Information: 0 : 10204, 1, 2022/10/27, 00:29:08.642, 11362873590444, vstest.console.dll, TestRunRequest.ExecuteAsync: Started.
TpTrace Verbose: 0 : 10204, 1, 2022/10/27, 00:29:08.642, 11362873593479, vstest.console.dll, TestRunRequest.WaitForCompletion: Waiting with timeout -1.
TpTrace Verbose: 0 : 10204, 7, 2022/10/27, 00:29:08.642, 11362873594910, vstest.console.dll, TestRunRequest:SendTestRunMessage: Starting.
TpTrace Verbose: 0 : 10204, 7, 2022/10/27, 00:29:08.642, 11362873597878, vstest.console.dll, MulticastDelegateUtilities.SafeInvoke: TestRun.LogMessages: Invoking callback 1/1 for Microsoft.VisualStudio.TestPlatform.CommandLine.TestRunResultAggregator.TestRunMessageHandler, took 0 ms.
TpTrace Verbose: 0 : 10204, 4, 2022/10/27, 00:29:08.642, 11362873598453, vstest.console.dll, MulticastDelegateUtilities.SafeInvoke: InternalTestLoggerEvents.SendTestRunMessage: Invoking callback 1/1 for Microsoft.VisualStudio.TestPlatform.CommandLine.Internal.ConsoleLogger.TestMessageHandler, took 0 ms.
TpTrace Information: 0 : 10204, 7, 2022/10/27, 00:29:08.642, 11362873598757, vstest.console.dll, TestRunRequest:SendTestRunMessage: Completed.
TpTrace Verbose: 0 : 10204, 7, 2022/10/27, 00:29:08.643, 11362873604341, vstest.console.dll, ProxyExecutionManager: Test host is always Lazy initialize.
TpTrace Verbose: 0 : 10204, 7, 2022/10/27, 00:29:08.643, 11362873608618, vstest.console.dll, TestRequestSender.InitializeCommunication: initialize communication. 
TpTrace Information: 0 : 10204, 7, 2022/10/27, 00:29:08.644, 11362873616633, vstest.console.dll, SocketServer.Start: Listening on endpoint : 127.0.0.1:58484
TpTrace Verbose: 0 : 10204, 7, 2022/10/27, 00:29:08.645, 11362873628552, vstest.console.dll, DotnetTestHostmanager.GetTestHostProcessStartInfo: Platform environment 'X64' target architecture 'X64' framework '.NETCoreApp,Version=v6.0' OS 'Windows'
TpTrace Verbose: 0 : 10204, 7, 2022/10/27, 00:29:08.646, 11362873632221, vstest.console.dll, DotnetTestHostmanager: Adding  --runtimeconfig "D:\github\ChampionsDevs\Customer\UnitTests\bin\Debug\net6.0\fine-code-coverage\build-output\UnitTests.runtimeconfig.json" in args
TpTrace Verbose: 0 : 10204, 7, 2022/10/27, 00:29:08.646, 11362873634168, vstest.console.dll, DotnetTestHostmanager: Adding  --depsfile "D:\github\ChampionsDevs\Customer\UnitTests\bin\Debug\net6.0\fine-code-coverage\build-output\UnitTests.deps.json" in args
TpTrace Verbose: 0 : 10204, 7, 2022/10/27, 00:29:08.646, 11362873640232, vstest.console.dll, DotnetTestHostmanager.IsWinOnArm: Current PROCESSOR_ARCHITECTURE from environment variable 'AMD64'
TpTrace Verbose: 0 : 10204, 7, 2022/10/27, 00:29:08.647, 11362873641320, vstest.console.dll, DotnetTestHostmanager.IsWinOnArm: Is Windows on ARM 'False'
TpTrace Verbose: 0 : 10204, 7, 2022/10/27, 00:29:08.647, 11362873642284, vstest.console.dll, DotnetTestHostManager: testhost.exe found at path: D:\github\ChampionsDevs\Customer\UnitTests\bin\Debug\net6.0\fine-code-coverage\build-output\testhost.exe
TpTrace Verbose: 0 : 10204, 7, 2022/10/27, 00:29:08.647, 11362873643145, vstest.console.dll, DotnetTestHostmanager: Full path of host exe is D:\github\ChampionsDevs\Customer\UnitTests\bin\Debug\net6.0\fine-code-coverage\build-output\testhost.exe
TpTrace Verbose: 0 : 10204, 7, 2022/10/27, 00:29:08.647, 11362873646870, vstest.console.dll, DotnetTestHostmanager.LaunchTestHostAsync: Found 'VSTEST_WINAPPHOST_DOTNET_ROOT' in env variables, value 'C:\Program Files\dotnet', forwarding to 'DOTNET_ROOT'
TpTrace Verbose: 0 : 10204, 7, 2022/10/27, 00:29:08.647, 11362873649617, vstest.console.dll, DotnetTestHostManager: Starting process 'D:\github\ChampionsDevs\Customer\UnitTests\bin\Debug\net6.0\fine-code-coverage\build-output\testhost.exe' with command line ' --runtimeconfig "D:\github\ChampionsDevs\Customer\UnitTests\bin\Debug\net6.0\fine-code-coverage\build-output\UnitTests.runtimeconfig.json" --depsfile "D:\github\ChampionsDevs\Customer\UnitTests\bin\Debug\net6.0\fine-code-coverage\build-output\UnitTests.deps.json" --port 58484 --endpoint 127.0.0.1:058484 --role client --parentprocessid 10204 --diag "D:\github\ChampionsDevs\Customer\UnitTests\bin\Debug\net6.0\fine-code-coverage\coverage-tool-output\diagnostics.host.22-10-27_00-29-08_64524_7.log" --tracelevel 4 --datacollectionport 58483 --telemetryoptedin false'
TpTrace Verbose: 0 : 10204, 7, 2022/10/27, 00:29:08.657, 11362873744878, vstest.console.dll, MulticastDelegateUtilities.SafeInvoke: HostProviderEvents.OnHostLaunched: Invoking callback 1/2 for Microsoft.VisualStudio.TestPlatform.CrossPlatEngine.Client.ProxyExecutionManagerWithDataCollection.TestHostLaunchedHandler, took 2 ms.
TpTrace Verbose: 0 : 10204, 7, 2022/10/27, 00:29:08.657, 11362873747331, vstest.console.dll, Test Runtime launched
TpTrace Verbose: 0 : 10204, 7, 2022/10/27, 00:29:08.657, 11362873748691, vstest.console.dll, MulticastDelegateUtilities.SafeInvoke: HostProviderEvents.OnHostLaunched: Invoking callback 2/2 for Microsoft.VisualStudio.TestPlatform.CrossPlatEngine.Client.ProxyOperationManager.TestHostManagerHostLaunched, took 0 ms.
TpTrace Verbose: 0 : 10204, 7, 2022/10/27, 00:29:08.658, 11362873751801, vstest.console.dll, TestRequestSender.WaitForRequestHandlerConnection: waiting for connection with timeout: 90000.
TpTrace Verbose: 0 : 10204, 7, 2022/10/27, 00:29:08.960, 11362876774210, vstest.console.dll, TestRequestSender.WaitForRequestHandlerConnection: waiting took 302 ms, with timeout 90000 ms, and result 0, which is success.
TpTrace Verbose: 0 : 10204, 13, 2022/10/27, 00:29:08.960, 11362876774320, vstest.console.dll, MulticastDelegateUtilities.SafeInvoke: SocketServer: ClientConnected: Invoking callback 1/1 for Microsoft.VisualStudio.TestPlatform.CommunicationUtilities.TestRequestSender.<InitializeCommunication>b__24_0, took 0 ms.
TpTrace Verbose: 0 : 10204, 13, 2022/10/27, 00:29:08.960, 11362876777681, vstest.console.dll, SocketServer.OnClientConnected: Client connected for endPoint: 127.0.0.1:58484, starting MessageLoopAsync:
TpTrace Verbose: 0 : 10204, 10, 2022/10/27, 00:29:08.961, 11362876786376, vstest.console.dll, TcpClientExtensions.MessageLoopAsync: Polling on remoteEndPoint: 127.0.0.1:58485 localEndPoint: 127.0.0.1:58484
TpTrace Verbose: 0 : 10204, 7, 2022/10/27, 00:29:08.962, 11362876795420, vstest.console.dll, TestRequestSender.CheckVersionWithTestHost: Sending check version message: {"MessageType":"ProtocolVersion","Payload":7}
TpTrace Verbose: 0 : 10204, 10, 2022/10/27, 00:29:09.227, 11362879442180, vstest.console.dll, TcpClientExtensions.MessageLoopAsync: NotifyDataAvailable remoteEndPoint: 127.0.0.1:58485 localEndPoint: 127.0.0.1:58484
TpTrace Verbose: 0 : 10204, 10, 2022/10/27, 00:29:09.227, 11362879445084, vstest.console.dll, TestRequestSender.CheckVersionWithTestHost: onMessageReceived received message: (ProtocolVersion) -> {"MessageType":"ProtocolVersion","Payload":5}
TpTrace Verbose: 0 : 10204, 10, 2022/10/27, 00:29:09.228, 11362879455189, vstest.console.dll, MulticastDelegateUtilities.SafeInvoke: LengthPrefixCommunicationChannel: MessageReceived: Invoking callback 1/1 for Microsoft.VisualStudio.TestPlatform.CommunicationUtilities.TestRequestSender+<>c__DisplayClass26_0.<CheckVersionWithTestHost>b__0, took 1 ms.
TpTrace Verbose: 0 : 10204, 10, 2022/10/27, 00:29:09.228, 11362879456788, vstest.console.dll, TcpClientExtensions.MessageLoopAsync: Polling on remoteEndPoint: 127.0.0.1:58485 localEndPoint: 127.0.0.1:58484
TpTrace Verbose: 0 : 10204, 7, 2022/10/27, 00:29:09.228, 11362879456963, vstest.console.dll, TestPluginCache.GetExtensionPaths: Filtered extension paths: 
TpTrace Verbose: 0 : 10204, 7, 2022/10/27, 00:29:09.228, 11362879459083, vstest.console.dll, TestPluginCache.GetExtensionPaths: Added default extension paths: C:\Program Files\dotnet\sdk\6.0.401\Extensions\Microsoft.Diagnostics.NETCore.Client.dll
C:\Program Files\dotnet\sdk\6.0.401\Extensions\Microsoft.TestPlatform.Extensions.BlameDataCollector.dll
C:\Program Files\dotnet\sdk\6.0.401\Extensions\Microsoft.TestPlatform.Extensions.EventLogCollector.dll
C:\Program Files\dotnet\sdk\6.0.401\Extensions\Microsoft.TestPlatform.TestHostRuntimeProvider.dll
C:\Program Files\dotnet\sdk\6.0.401\Extensions\Microsoft.VisualStudio.TestPlatform.Extensions.Html.TestLogger.dll
C:\Program Files\dotnet\sdk\6.0.401\Extensions\Microsoft.VisualStudio.TestPlatform.Extensions.Trx.TestLogger.dll
TpTrace Verbose: 0 : 10204, 7, 2022/10/27, 00:29:09.229, 11362879460379, vstest.console.dll, TestPluginCache.GetExtensionPaths: Added unfilterableExtensionPaths: 
TpTrace Verbose: 0 : 10204, 7, 2022/10/27, 00:29:09.235, 11362879529440, vstest.console.dll, TestRequestSender.InitializeExecution: Sending initialize execution with message: {"Version":5,"MessageType":"TestExecution.Initialize","Payload":["D:\\github\\ChampionsDevs\\Customer\\UnitTests\\bin\\Debug\\net6.0\\fine-code-coverage\\build-output\\xunit.runner.visualstudio.dotnetcore.testadapter.dll"]}
TpTrace Warning: 0 : 10204, 7, 2022/10/27, 00:29:09.236, 11362879535747, vstest.console.dll, InferRunSettingsHelper.MakeRunsettingsCompatible: Removing the following settings: TargetPlatform from RunSettings file. To use those settings please move to latest version of Microsoft.NET.Test.Sdk
TpTrace Verbose: 0 : 10204, 10, 2022/10/27, 00:29:09.246, 11362879635371, vstest.console.dll, TcpClientExtensions.MessageLoopAsync: NotifyDataAvailable remoteEndPoint: 127.0.0.1:58485 localEndPoint: 127.0.0.1:58484
TpTrace Verbose: 0 : 10204, 10, 2022/10/27, 00:29:09.246, 11362879638065, vstest.console.dll, TestRequestSender.OnExecutionMessageReceived: Received message: {"Version":5,"MessageType":"TestSession.Message","Payload":{"MessageLevel":0,"Message":"Logging TestHost Diagnostics in file: D:\\github\\ChampionsDevs\\Customer\\UnitTests\\bin\\Debug\\net6.0\\fine-code-coverage\\coverage-tool-output\\diagnostics.host.22-10-27_00-29-08_64524_7.log"}}
TpTrace Verbose: 0 : 10204, 10, 2022/10/27, 00:29:09.251, 11362879682688, vstest.console.dll, TestRunRequest:SendTestRunMessage: Starting.
TpTrace Verbose: 0 : 10204, 10, 2022/10/27, 00:29:09.251, 11362879684759, vstest.console.dll, MulticastDelegateUtilities.SafeInvoke: TestRun.LogMessages: Invoking callback 1/1 for Microsoft.VisualStudio.TestPlatform.CommandLine.TestRunResultAggregator.TestRunMessageHandler, took 0 ms.
TpTrace Verbose: 0 : 10204, 4, 2022/10/27, 00:29:09.251, 11362879685262, vstest.console.dll, MulticastDelegateUtilities.SafeInvoke: InternalTestLoggerEvents.SendTestRunMessage: Invoking callback 1/1 for Microsoft.VisualStudio.TestPlatform.CommandLine.Internal.ConsoleLogger.TestMessageHandler, took 0 ms.
TpTrace Information: 0 : 10204, 10, 2022/10/27, 00:29:09.251, 11362879685437, vstest.console.dll, TestRunRequest:SendTestRunMessage: Completed.
TpTrace Verbose: 0 : 10204, 10, 2022/10/27, 00:29:09.251, 11362879687789, vstest.console.dll, MulticastDelegateUtilities.SafeInvoke: LengthPrefixCommunicationChannel: MessageReceived: Invoking callback 1/1 for Microsoft.VisualStudio.TestPlatform.CommunicationUtilities.TestRequestSender+<>c__DisplayClass31_0.<StartTestRun>b__1, took 5 ms.
TpTrace Verbose: 0 : 10204, 10, 2022/10/27, 00:29:09.251, 11362879688490, vstest.console.dll, TcpClientExtensions.MessageLoopAsync: Polling on remoteEndPoint: 127.0.0.1:58485 localEndPoint: 127.0.0.1:58484
TpTrace Verbose: 0 : 10204, 7, 2022/10/27, 00:29:09.256, 11362879738846, vstest.console.dll, TestRequestSender.StartTestRun: Sending test run with message: {"Version":5,"MessageType":"TestExecution.StartWithSources","Payload":{"AdapterSourceMap":{"_none_":["D:\\github\\ChampionsDevs\\Customer\\UnitTests\\bin\\Debug\\net6.0\\fine-code-coverage\\build-output\\UnitTests.dll"]},"RunSettings":"<RunSettings>\r\n  <RunConfiguration>\r\n    <ResultsDirectory>D:\\github\\ChampionsDevs\\Customer\\UnitTests\\bin\\Debug\\net6.0\\fine-code-coverage\\coverage-tool-output</ResultsDirectory>\r\n    <TargetFrameworkVersion>.NETCoreApp,Version=v6.0</TargetFrameworkVersion>\r\n    <DesignMode>False</DesignMode>\r\n    <CollectSourceInformation>False</CollectSourceInformation>\r\n  </RunConfiguration>\r\n  <LoggerRunSettings>\r\n    <Loggers>\r\n      <Logger friendlyName=\"blame\" enabled=\"True\" />\r\n      <Logger friendlyName=\"Console\" uri=\"logger://microsoft/TestPlatform/ConsoleLogger/v1\" assemblyQualifiedName=\"Microsoft.VisualStudio.TestPlatform.CommandLine.Internal.ConsoleLogger, vstest.console, Version=15.0.0.0, Culture=neutral, PublicKeyToken=b03f5f7f11d50a3a\" codeBase=\"C:\\Program Files\\dotnet\\sdk\\6.0.401\\vstest.console.dll\" enabled=\"True\" />\r\n    </Loggers>\r\n  </LoggerRunSettings>\r\n  <DataCollectionRunSettings>\r\n    <DataCollectors>\r\n      <DataCollector friendlyName=\"blame\" enabled=\"True\">\r\n        <Configuration>\r\n          <ResultsDirectory>D:\\github\\ChampionsDevs\\Customer\\UnitTests\\bin\\Debug\\net6.0\\fine-code-coverage\\coverage-tool-output</ResultsDirectory>\r\n        </Configuration>\r\n      </DataCollector>\r\n    </DataCollectors>\r\n  </DataCollectionRunSettings>\r\n</RunSettings>","TestExecutionContext":{"FrequencyOfRunStatsChangeEvent":10,"RunStatsChangeEventTimeout":"00:00:01.5000000","InIsolation":false,"KeepAlive":false,"AreTestCaseLevelEventsRequired":false,"IsDebug":false,"TestCaseFilter":null,"FilterOptions":null},"Package":null}}
TpTrace Verbose: 0 : 10204, 10, 2022/10/27, 00:29:09.578, 11362882953742, vstest.console.dll, TcpClientExtensions.MessageLoopAsync: NotifyDataAvailable remoteEndPoint: 127.0.0.1:58485 localEndPoint: 127.0.0.1:58484
TpTrace Verbose: 0 : 10204, 10, 2022/10/27, 00:29:09.578, 11362882956093, vstest.console.dll, TestRequestSender.OnExecutionMessageReceived: Received message: {"Version":5,"MessageType":"TestSession.Message","Payload":{"MessageLevel":0,"Message":"[xUnit.net 00:00:00.00] xUnit.net VSTest Adapter v2.4.3+1b45f5407b (64-bit .NET 6.0.9)"}}
TpTrace Verbose: 0 : 10204, 10, 2022/10/27, 00:29:09.578, 11362882958661, vstest.console.dll, TestRunRequest:SendTestRunMessage: Starting.
TpTrace Verbose: 0 : 10204, 10, 2022/10/27, 00:29:09.579, 11362882960606, vstest.console.dll, MulticastDelegateUtilities.SafeInvoke: TestRun.LogMessages: Invoking callback 1/1 for Microsoft.VisualStudio.TestPlatform.CommandLine.TestRunResultAggregator.TestRunMessageHandler, took 0 ms.
TpTrace Information: 0 : 10204, 10, 2022/10/27, 00:29:09.579, 11362882961290, vstest.console.dll, TestRunRequest:SendTestRunMessage: Completed.
TpTrace Verbose: 0 : 10204, 4, 2022/10/27, 00:29:09.579, 11362882960663, vstest.console.dll, MulticastDelegateUtilities.SafeInvoke: InternalTestLoggerEvents.SendTestRunMessage: Invoking callback 1/1 for Microsoft.VisualStudio.TestPlatform.CommandLine.Internal.ConsoleLogger.TestMessageHandler, took 0 ms.
TpTrace Verbose: 0 : 10204, 10, 2022/10/27, 00:29:09.579, 11362882961871, vstest.console.dll, MulticastDelegateUtilities.SafeInvoke: LengthPrefixCommunicationChannel: MessageReceived: Invoking callback 1/1 for Microsoft.VisualStudio.TestPlatform.CommunicationUtilities.TestRequestSender+<>c__DisplayClass31_0.<StartTestRun>b__1, took 0 ms.
TpTrace Verbose: 0 : 10204, 10, 2022/10/27, 00:29:09.579, 11362882964447, vstest.console.dll, TcpClientExtensions.MessageLoopAsync: Polling on remoteEndPoint: 127.0.0.1:58485 localEndPoint: 127.0.0.1:58484
TpTrace Verbose: 0 : 10204, 10, 2022/10/27, 00:29:10.490, 11362892071021, vstest.console.dll, TcpClientExtensions.MessageLoopAsync: NotifyDataAvailable remoteEndPoint: 127.0.0.1:58485 localEndPoint: 127.0.0.1:58484
TpTrace Verbose: 0 : 10204, 10, 2022/10/27, 00:29:10.490, 11362892072891, vstest.console.dll, TestRequestSender.OnExecutionMessageReceived: Received message: {"Version":5,"MessageType":"TestSession.Message","Payload":{"MessageLevel":0,"Message":"[xUnit.net 00:00:00.93]   Discovering: UnitTests"}}
TpTrace Verbose: 0 : 10204, 10, 2022/10/27, 00:29:10.490, 11362892074316, vstest.console.dll, TestRunRequest:SendTestRunMessage: Starting.
TpTrace Verbose: 0 : 10204, 10, 2022/10/27, 00:29:10.490, 11362892075196, vstest.console.dll, MulticastDelegateUtilities.SafeInvoke: TestRun.LogMessages: Invoking callback 1/1 for Microsoft.VisualStudio.TestPlatform.CommandLine.TestRunResultAggregator.TestRunMessageHandler, took 0 ms.
TpTrace Information: 0 : 10204, 10, 2022/10/27, 00:29:10.490, 11362892075701, vstest.console.dll, TestRunRequest:SendTestRunMessage: Completed.
TpTrace Verbose: 0 : 10204, 4, 2022/10/27, 00:29:10.490, 11362892076014, vstest.console.dll, MulticastDelegateUtilities.SafeInvoke: InternalTestLoggerEvents.SendTestRunMessage: Invoking callback 1/1 for Microsoft.VisualStudio.TestPlatform.CommandLine.Internal.ConsoleLogger.TestMessageHandler, took 0 ms.
TpTrace Verbose: 0 : 10204, 10, 2022/10/27, 00:29:10.490, 11362892076177, vstest.console.dll, MulticastDelegateUtilities.SafeInvoke: LengthPrefixCommunicationChannel: MessageReceived: Invoking callback 1/1 for Microsoft.VisualStudio.TestPlatform.CommunicationUtilities.TestRequestSender+<>c__DisplayClass31_0.<StartTestRun>b__1, took 0 ms.
TpTrace Verbose: 0 : 10204, 10, 2022/10/27, 00:29:10.490, 11362892078054, vstest.console.dll, TcpClientExtensions.MessageLoopAsync: Polling on remoteEndPoint: 127.0.0.1:58485 localEndPoint: 127.0.0.1:58484
TpTrace Verbose: 0 : 10204, 10, 2022/10/27, 00:29:10.555, 11362892727991, vstest.console.dll, TcpClientExtensions.MessageLoopAsync: NotifyDataAvailable remoteEndPoint: 127.0.0.1:58485 localEndPoint: 127.0.0.1:58484
TpTrace Verbose: 0 : 10204, 10, 2022/10/27, 00:29:10.555, 11362892729625, vstest.console.dll, TestRequestSender.OnExecutionMessageReceived: Received message: {"Version":5,"MessageType":"TestSession.Message","Payload":{"MessageLevel":0,"Message":"[xUnit.net 00:00:00.99]   Discovered:  UnitTests"}}
TpTrace Verbose: 0 : 10204, 10, 2022/10/27, 00:29:10.556, 11362892731701, vstest.console.dll, TestRunRequest:SendTestRunMessage: Starting.
TpTrace Verbose: 0 : 10204, 10, 2022/10/27, 00:29:10.556, 11362892732676, vstest.console.dll, MulticastDelegateUtilities.SafeInvoke: TestRun.LogMessages: Invoking callback 1/1 for Microsoft.VisualStudio.TestPlatform.CommandLine.TestRunResultAggregator.TestRunMessageHandler, took 0 ms.
TpTrace Information: 0 : 10204, 10, 2022/10/27, 00:29:10.556, 11362892733186, vstest.console.dll, TestRunRequest:SendTestRunMessage: Completed.
TpTrace Verbose: 0 : 10204, 4, 2022/10/27, 00:29:10.556, 11362892733182, vstest.console.dll, MulticastDelegateUtilities.SafeInvoke: InternalTestLoggerEvents.SendTestRunMessage: Invoking callback 1/1 for Microsoft.VisualStudio.TestPlatform.CommandLine.Internal.ConsoleLogger.TestMessageHandler, took 0 ms.
TpTrace Verbose: 0 : 10204, 10, 2022/10/27, 00:29:10.556, 11362892733734, vstest.console.dll, MulticastDelegateUtilities.SafeInvoke: LengthPrefixCommunicationChannel: MessageReceived: Invoking callback 1/1 for Microsoft.VisualStudio.TestPlatform.CommunicationUtilities.TestRequestSender+<>c__DisplayClass31_0.<StartTestRun>b__1, took 0 ms.
TpTrace Verbose: 0 : 10204, 10, 2022/10/27, 00:29:10.556, 11362892735958, vstest.console.dll, TcpClientExtensions.MessageLoopAsync: Polling on remoteEndPoint: 127.0.0.1:58485 localEndPoint: 127.0.0.1:58484
TpTrace Verbose: 0 : 10204, 10, 2022/10/27, 00:29:10.559, 11362892765081, vstest.console.dll, TcpClientExtensions.MessageLoopAsync: NotifyDataAvailable remoteEndPoint: 127.0.0.1:58485 localEndPoint: 127.0.0.1:58484
TpTrace Verbose: 0 : 10204, 10, 2022/10/27, 00:29:10.559, 11362892766329, vstest.console.dll, TestRequestSender.OnExecutionMessageReceived: Received message: {"Version":5,"MessageType":"TestSession.Message","Payload":{"MessageLevel":0,"Message":"[xUnit.net 00:00:01.00]   Starting:    UnitTests"}}
TpTrace Verbose: 0 : 10204, 10, 2022/10/27, 00:29:10.559, 11362892767511, vstest.console.dll, TestRunRequest:SendTestRunMessage: Starting.
TpTrace Verbose: 0 : 10204, 10, 2022/10/27, 00:29:10.559, 11362892768347, vstest.console.dll, MulticastDelegateUtilities.SafeInvoke: TestRun.LogMessages: Invoking callback 1/1 for Microsoft.VisualStudio.TestPlatform.CommandLine.TestRunResultAggregator.TestRunMessageHandler, took 0 ms.
TpTrace Information: 0 : 10204, 10, 2022/10/27, 00:29:10.559, 11362892768846, vstest.console.dll, TestRunRequest:SendTestRunMessage: Completed.
TpTrace Verbose: 0 : 10204, 4, 2022/10/27, 00:29:10.559, 11362892769102, vstest.console.dll, MulticastDelegateUtilities.SafeInvoke: InternalTestLoggerEvents.SendTestRunMessage: Invoking callback 1/1 for Microsoft.VisualStudio.TestPlatform.CommandLine.Internal.ConsoleLogger.TestMessageHandler, took 0 ms.
TpTrace Verbose: 0 : 10204, 10, 2022/10/27, 00:29:10.559, 11362892769363, vstest.console.dll, MulticastDelegateUtilities.SafeInvoke: LengthPrefixCommunicationChannel: MessageReceived: Invoking callback 1/1 for Microsoft.VisualStudio.TestPlatform.CommunicationUtilities.TestRequestSender+<>c__DisplayClass31_0.<StartTestRun>b__1, took 0 ms.
TpTrace Verbose: 0 : 10204, 10, 2022/10/27, 00:29:10.560, 11362892771317, vstest.console.dll, TcpClientExtensions.MessageLoopAsync: Polling on remoteEndPoint: 127.0.0.1:58485 localEndPoint: 127.0.0.1:58484
TpTrace Verbose: 0 : 10204, 10, 2022/10/27, 00:29:10.843, 11362895600343, vstest.console.dll, TcpClientExtensions.MessageLoopAsync: NotifyDataAvailable remoteEndPoint: 127.0.0.1:58485 localEndPoint: 127.0.0.1:58484
TpTrace Verbose: 0 : 10204, 10, 2022/10/27, 00:29:10.843, 11362895603020, vstest.console.dll, TestRequestSender.OnExecutionMessageReceived: Received message: {"Version":5,"MessageType":"TestSession.Message","Payload":{"MessageLevel":0,"Message":"[xUnit.net 00:00:01.28]   Finished:    UnitTests"}}
TpTrace Verbose: 0 : 10204, 10, 2022/10/27, 00:29:10.843, 11362895604970, vstest.console.dll, TestRunRequest:SendTestRunMessage: Starting.
TpTrace Verbose: 0 : 10204, 10, 2022/10/27, 00:29:10.843, 11362895606225, vstest.console.dll, MulticastDelegateUtilities.SafeInvoke: TestRun.LogMessages: Invoking callback 1/1 for Microsoft.VisualStudio.TestPlatform.CommandLine.TestRunResultAggregator.TestRunMessageHandler, took 0 ms.
TpTrace Verbose: 0 : 10204, 4, 2022/10/27, 00:29:10.843, 11362895606605, vstest.console.dll, MulticastDelegateUtilities.SafeInvoke: InternalTestLoggerEvents.SendTestRunMessage: Invoking callback 1/1 for Microsoft.VisualStudio.TestPlatform.CommandLine.Internal.ConsoleLogger.TestMessageHandler, took 0 ms.
TpTrace Information: 0 : 10204, 10, 2022/10/27, 00:29:10.843, 11362895607136, vstest.console.dll, TestRunRequest:SendTestRunMessage: Completed.
TpTrace Verbose: 0 : 10204, 10, 2022/10/27, 00:29:10.843, 11362895609266, vstest.console.dll, MulticastDelegateUtilities.SafeInvoke: LengthPrefixCommunicationChannel: MessageReceived: Invoking callback 1/1 for Microsoft.VisualStudio.TestPlatform.CommunicationUtilities.TestRequestSender+<>c__DisplayClass31_0.<StartTestRun>b__1, took 0 ms.
TpTrace Verbose: 0 : 10204, 10, 2022/10/27, 00:29:10.844, 11362895610356, vstest.console.dll, TcpClientExtensions.MessageLoopAsync: Polling on remoteEndPoint: 127.0.0.1:58485 localEndPoint: 127.0.0.1:58484
TpTrace Verbose: 0 : 10204, 10, 2022/10/27, 00:29:10.923, 11362896410110, vstest.console.dll, TcpClientExtensions.MessageLoopAsync: NotifyDataAvailable remoteEndPoint: 127.0.0.1:58485 localEndPoint: 127.0.0.1:58484
TpTrace Verbose: 0 : 10204, 10, 2022/10/27, 00:29:10.924, 11362896413952, vstest.console.dll, TestRequestSender.OnExecutionMessageReceived: Received message: {"Version":5,"MessageType":"TestExecution.Completed","Payload":{"TestRunCompleteArgs":{"TestRunStatistics":{"ExecutedTests":4,"Stats":{"Passed":4}},"IsCanceled":false,"IsAborted":false,"Error":null,"AttachmentSets":[],"ElapsedTimeInRunningTests":"00:00:01.3057514","Metrics":{}},"LastRunTests":{"NewTestResults":[{"TestCase":{"Id":"c70f826f-6659-38a6-b1dc-9325299c52a3","FullyQualifiedName":"UnitTests.CustomerAgeValidatorTests.Given_BirthDate_When_IsOfLegalAge_Then_ShouldReturnTrue","DisplayName":"UnitTests.CustomerAgeValidatorTests.Given_BirthDate_When_IsOfLegalAge_Then_ShouldReturnTrue","ExecutorUri":"executor://xunit/VsTestRunner2/netcoreapp","Source":"D:\\github\\ChampionsDevs\\Customer\\UnitTests\\bin\\Debug\\net6.0\\fine-code-coverage\\build-output\\UnitTests.dll","CodeFilePath":null,"LineNumber":0,"Properties":[]},"Attachments":[],"Outcome":1,"ErrorMessage":null,"ErrorStackTrace":null,"DisplayName":"UnitTests.CustomerAgeValidatorTests.Given_BirthDate_When_IsOfLegalAge_Then_ShouldReturnTrue","Messages":[],"ComputerName":"DESKTOP-4BJS0K4","Duration":"00:00:00.0139345","StartTime":"2022-10-27T03:29:10.6868703+00:00","EndTime":"2022-10-27T03:29:10.6869115+00:00","Properties":[]},{"TestCase":{"Id":"c03ae257-dfc9-6b32-a652-6c36ae92b13a","FullyQualifiedName":"UnitTests.CustomerAgeValidatorTests.Given_BirthDate_When_IsNotOfLegalAge_Then_ShouldReturnFalse","DisplayName":"UnitTests.CustomerAgeValidatorTests.Given_BirthDate_When_IsNotOfLegalAge_Then_ShouldReturnFalse","ExecutorUri":"executor://xunit/VsTestRunner2/netcoreapp","Source":"D:\\github\\ChampionsDevs\\Customer\\UnitTests\\bin\\Debug\\net6.0\\fine-code-coverage\\build-output\\UnitTests.dll","CodeFilePath":null,"LineNumber":0,"Properties":[]},"Attachments":[],"Outcome":1,"ErrorMessage":null,"ErrorStackTrace":null,"DisplayName":"UnitTests.CustomerAgeValidatorTests.Given_BirthDate_When_IsNotOfLegalAge_Then_ShouldReturnFalse","Messages":[],"ComputerName":"DESKTOP-4BJS0K4","Duration":"00:00:00.0005870","StartTime":"2022-10-27T03:29:10.7199093+00:00","EndTime":"2022-10-27T03:29:10.7199103+00:00","Properties":[]},{"TestCase":{"Id":"bd515512-6599-1bde-d619-81d12d8cc02f","FullyQualifiedName":"UnitTests.CustomerServiceTests.Given_Customer_When_IsOfLegalAge_Then_ShouldAddCustomer","DisplayName":"UnitTests.CustomerServiceTests.Given_Customer_When_IsOfLegalAge_Then_ShouldAddCustomer","ExecutorUri":"executor://xunit/VsTestRunner2/netcoreapp","Source":"D:\\github\\ChampionsDevs\\Customer\\UnitTests\\bin\\Debug\\net6.0\\fine-code-coverage\\build-output\\UnitTests.dll","CodeFilePath":null,"LineNumber":0,"Properties":[]},"Attachments":[],"Outcome":1,"ErrorMessage":null,"ErrorStackTrace":null,"DisplayName":"UnitTests.CustomerServiceTests.Given_Customer_When_IsOfLegalAge_Then_ShouldAddCustomer","Messages":[],"ComputerName":"DESKTOP-4BJS0K4","Duration":"00:00:00.1671868","StartTime":"2022-10-27T03:29:10.8235618+00:00","EndTime":"2022-10-27T03:29:10.8235622+00:00","Properties":[]},{"TestCase":{"Id":"b7518b7c-a2e7-4fea-d042-e82a1b3f6c8e","FullyQualifiedName":"UnitTests.CustomerServiceTests.Given_Customer_When_IsNotOfLegalAge_Then_ShouldThrowException","DisplayName":"UnitTests.CustomerServiceTests.Given_Customer_When_IsNotOfLegalAge_Then_ShouldThrowException","ExecutorUri":"executor://xunit/VsTestRunner2/netcoreapp","Source":"D:\\github\\ChampionsDevs\\Customer\\UnitTests\\bin\\Debug\\net6.0\\fine-code-coverage\\build-output\\UnitTests.dll","CodeFilePath":null,"LineNumber":0,"Properties":[]},"Attachments":[],"Outcome":1,"ErrorMessage":null,"ErrorStackTrace":null,"DisplayName":"UnitTests.CustomerServiceTests.Given_Customer_When_IsNotOfLegalAge_Then_ShouldThrowException","Messages":[],"ComputerName":"DESKTOP-4BJS0K4","Duration":"00:00:00.0150772","StartTime":"2022-10-27T03:29:10.8387596+00:00","EndTime":"2022-10-27T03:29:10.83876+00:00","Properties":[]}],"TestRunStatistics":{"ExecutedTests":4,"Stats":{"Passed":4}},"ActiveTests":[]},"RunAttachments":[],"ExecutorUris":["executor://xunit/VsTestRunner2/netcoreapp"]}}
TpTrace Verbose: 0 : 10204, 10, 2022/10/27, 00:29:10.924, 11362896415823, vstest.console.dll, TestRequestSender.EndSession: Sending end session.
TpTrace Verbose: 0 : 10204, 10, 2022/10/27, 00:29:10.924, 11362896418009, vstest.console.dll, ProxyOperationManager.Close: waiting for test host to exit for 100 ms
TpTrace Warning: 0 : 10204, 12, 2022/10/27, 00:29:10.958, 11362896755818, vstest.console.dll, TestHostManagerCallbacks.ErrorReceivedCallback Test host standard error line: 
TpTrace Verbose: 0 : 10204, 12, 2022/10/27, 00:29:10.978, 11362896955021, vstest.console.dll, TestHostProvider.ExitCallBack: Host exited starting callback.
TpTrace Information: 0 : 10204, 12, 2022/10/27, 00:29:10.979, 11362896963163, vstest.console.dll, TestHostManagerCallbacks.ExitCallBack: Testhost processId: 10748 exited with exitcode: 0 error: ''
TpTrace Verbose: 0 : 10204, 12, 2022/10/27, 00:29:10.979, 11362896964582, vstest.console.dll, DotnetTestHostManager.OnHostExited: invoking OnHostExited callback
TpTrace Verbose: 0 : 10204, 12, 2022/10/27, 00:29:10.979, 11362896965833, vstest.console.dll, CrossPlatEngine.TestHostManagerHostExited: calling on client process exit callback.
TpTrace Information: 0 : 10204, 12, 2022/10/27, 00:29:10.979, 11362896966832, vstest.console.dll, TestRequestSender.OnClientProcessExit: Test host process exited. Standard error: 
TpTrace Information: 0 : 10204, 12, 2022/10/27, 00:29:10.979, 11362896967466, vstest.console.dll, SocketServer.Stop: Stop server endPoint: 127.0.0.1:58484
TpTrace Information: 0 : 10204, 10, 2022/10/27, 00:29:10.979, 11362896967710, vstest.console.dll, SocketServer.Stop: Stop server endPoint: 127.0.0.1:58484
TpTrace Information: 0 : 10204, 12, 2022/10/27, 00:29:10.979, 11362896968038, vstest.console.dll, SocketServer.Stop: Cancellation requested. Stopping message loop.
TpTrace Information: 0 : 10204, 10, 2022/10/27, 00:29:10.979, 11362896969037, vstest.console.dll, SocketServer.Stop: Cancellation requested. Stopping message loop.
TpTrace Information: 0 : 10204, 10, 2022/10/27, 00:29:10.980, 11362896971291, vstest.console.dll, Closing the connection
TpTrace Verbose: 0 : 10204, 12, 2022/10/27, 00:29:10.980, 11362896971363, vstest.console.dll, MulticastDelegateUtilities.SafeInvoke: HostProviderEvents.OnHostExited: Invoking callback 1/1 for Microsoft.VisualStudio.TestPlatform.CrossPlatEngine.Client.ProxyOperationManager.TestHostManagerHostExited, took 0 ms.
TpTrace Verbose: 0 : 10204, 10, 2022/10/27, 00:29:10.980, 11362896974871, vstest.console.dll, ProxyDataCollectionManager.InvokeDataCollectionServiceAction: Starting.
TpTrace Information: 0 : 10204, 10, 2022/10/27, 00:29:10.980, 11362896975548, vstest.console.dll, ProxyDataCollectionManager.AfterTestRunEnd: Get attachment set and invoked data collectors processId: 13896 port: 58481
TpTrace Verbose: 0 : 10204, 10, 2022/10/27, 00:29:10.980, 11362896976598, vstest.console.dll, DataCollectionRequestSender.SendAfterTestRunStartAndGetResult: Send AfterTestRunEnd message with isCancelled: False
TpTrace Verbose: 0 : 10204, 10, 2022/10/27, 00:29:10.991, 11362897089816, vstest.console.dll, DataCollectionRequestSender.SendAfterTestRunStartAndGetResult: Received message: (DataCollection.AfterTestRunEndResult) -> {"MessageType":"DataCollection.AfterTestRunEndResult","Payload":{"AttachmentSets":[],"InvokedDataCollectors":[{"Uri":"datacollector://Microsoft/TestPlatform/Extensions/Blame/v1","FriendlyName":"Blame","AssemblyQualifiedName":"Microsoft.TestPlatform.Extensions.BlameDataCollector.BlameCollector, Microsoft.TestPlatform.Extensions.BlameDataCollector, Version=15.0.0.0, Culture=neutral, PublicKeyToken=b03f5f7f11d50a3a","FilePath":"C:\\Program Files\\dotnet\\sdk\\6.0.401\\Extensions\\Microsoft.TestPlatform.Extensions.BlameDataCollector.dll","HasAttachmentProcessor":false}],"Metrics":{}}}
TpTrace Warning: 0 : 10204, 9, 2022/10/27, 00:29:10.999, 11362897164601, vstest.console.dll, DataCollectionLauncher.ErrorReceivedCallback datacollector standard error line: 
TpTrace Information: 0 : 10204, 10, 2022/10/27, 00:29:11.005, 11362897230074, vstest.console.dll, ProxyDataCollectionManager.InvokeDataCollectionServiceAction: Completed.
TpTrace Information: 0 : 10204, 9, 2022/10/27, 00:29:11.008, 11362897256177, vstest.console.dll, DataCollectionLauncher.ExitCallBack: Data collector exited with exitcode: 0 error: ''
TpTrace Verbose: 0 : 10204, 10, 2022/10/27, 00:29:11.093, 11362898105589, vstest.console.dll, TestRunRequest:SendTestRunStatsChange: Starting.
TpTrace Verbose: 0 : 10204, 10, 2022/10/27, 00:29:11.093, 11362898108843, vstest.console.dll, MulticastDelegateUtilities.SafeInvoke: TestRun.RunStatsChanged: Invoking callbacks was skipped because there are no subscribers.
TpTrace Information: 0 : 10204, 10, 2022/10/27, 00:29:11.093, 11362898109502, vstest.console.dll, TestRunRequest:SendTestRunStatsChange: Completed.
TpTrace Verbose: 0 : 10204, 10, 2022/10/27, 00:29:11.094, 11362898113369, vstest.console.dll, ParallelProxyExecutionManager: HandlePartialRunComplete: Total completed clients = 1, Run complete = True, Run canceled: False.
TpTrace Verbose: 0 : 10204, 4, 2022/10/27, 00:29:11.098, 11362898156052, vstest.console.dll, MulticastDelegateUtilities.SafeInvoke: InternalTestLoggerEvents.SendTestResult: Invoking callback 1/1 for Microsoft.VisualStudio.TestPlatform.CommandLine.Internal.ConsoleLogger.TestResultHandler, took 4 ms.
TpTrace Verbose: 0 : 10204, 4, 2022/10/27, 00:29:11.098, 11362898158633, vstest.console.dll, MulticastDelegateUtilities.SafeInvoke: InternalTestLoggerEvents.SendTestResult: Invoking callback 1/1 for Microsoft.VisualStudio.TestPlatform.CommandLine.Internal.ConsoleLogger.TestResultHandler, took 0 ms.
TpTrace Verbose: 0 : 10204, 4, 2022/10/27, 00:29:11.098, 11362898159674, vstest.console.dll, MulticastDelegateUtilities.SafeInvoke: InternalTestLoggerEvents.SendTestResult: Invoking callback 1/1 for Microsoft.VisualStudio.TestPlatform.CommandLine.Internal.ConsoleLogger.TestResultHandler, took 0 ms.
TpTrace Verbose: 0 : 10204, 4, 2022/10/27, 00:29:11.099, 11362898160822, vstest.console.dll, MulticastDelegateUtilities.SafeInvoke: InternalTestLoggerEvents.SendTestResult: Invoking callback 1/1 for Microsoft.VisualStudio.TestPlatform.CommandLine.Internal.ConsoleLogger.TestResultHandler, took 0 ms.
TpTrace Verbose: 0 : 10204, 4, 2022/10/27, 00:29:11.112, 11362898292658, vstest.console.dll, MulticastDelegateUtilities.SafeInvoke: InternalTestLoggerEvents.SendTestRunComplete: Invoking callback 1/2 for Microsoft.TestPlatform.Extensions.BlameDataCollector.BlameLogger.TestRunCompleteHandler, took 0 ms.
TpTrace Verbose: 0 : 10204, 4, 2022/10/27, 00:29:11.121, 11362898385229, vstest.console.dll, MulticastDelegateUtilities.SafeInvoke: InternalTestLoggerEvents.SendTestRunComplete: Invoking callback 2/2 for Microsoft.VisualStudio.TestPlatform.CommandLine.Internal.ConsoleLogger.TestRunCompleteHandler, took 9 ms.
TpTrace Verbose: 0 : 10204, 10, 2022/10/27, 00:29:11.122, 11362898391095, vstest.console.dll, TestRunRequest:TestRunComplete: Starting. IsAborted:False IsCanceled:False.
TpTrace Verbose: 0 : 10204, 10, 2022/10/27, 00:29:11.123, 11362898408686, vstest.console.dll, TestLoggerManager.HandleTestRunComplete: Ignoring as the object is disposed.
TpTrace Verbose: 0 : 10204, 10, 2022/10/27, 00:29:11.124, 11362898411692, vstest.console.dll, MulticastDelegateUtilities.SafeInvoke: TestRun.TestRunComplete: Invoking callback 1/2 for Microsoft.VisualStudio.TestPlatform.CommandLine.TestRunResultAggregator.TestRunCompletionHandler, took 0 ms.
TpTrace Verbose: 0 : 10204, 10, 2022/10/27, 00:29:11.124, 11362898412823, vstest.console.dll, MulticastDelegateUtilities.SafeInvoke: TestRun.TestRunComplete: Invoking callback 2/2 for Microsoft.VisualStudio.TestPlatform.CommandLine.Processors.RunTestsArgumentExecutor+TestRunRequestEventsRegistrar.TestRunRequest_OnRunCompletion, took 0 ms.
TpTrace Information: 0 : 10204, 10, 2022/10/27, 00:29:11.124, 11362898414237, vstest.console.dll, TestRunRequest:TestRunComplete: Completed.
TpTrace Verbose: 0 : 10204, 10, 2022/10/27, 00:29:11.124, 11362898414961, vstest.console.dll, TestRequestSender.SetOperationComplete: Setting operation complete.
TpTrace Information: 0 : 10204, 10, 2022/10/27, 00:29:11.124, 11362898415500, vstest.console.dll, SocketServer.Stop: Stop server endPoint: 127.0.0.1:58484
TpTrace Information: 0 : 10204, 10, 2022/10/27, 00:29:11.124, 11362898415913, vstest.console.dll, SocketServer.Stop: Cancellation requested. Stopping message loop.
TpTrace Verbose: 0 : 10204, 1, 2022/10/27, 00:29:11.124, 11362898415155, vstest.console.dll, TestRunRequest.Dispose: Starting.
TpTrace Information: 0 : 10204, 1, 2022/10/27, 00:29:11.124, 11362898417594, vstest.console.dll, TestRunRequest.Dispose: Completed.
TpTrace Information: 0 : 10204, 1, 2022/10/27, 00:29:11.124, 11362898418439, vstest.console.dll, TestRequestManager.RunTests: run tests completed.
TpTrace Verbose: 0 : 10204, 10, 2022/10/27, 00:29:11.124, 11362898416414, vstest.console.dll, MulticastDelegateUtilities.SafeInvoke: LengthPrefixCommunicationChannel: MessageReceived: Invoking callback 1/1 for Microsoft.VisualStudio.TestPlatform.CommunicationUtilities.TestRequestSender+<>c__DisplayClass31_0.<StartTestRun>b__1, took 200 ms.
TpTrace Information: 0 : 10204, 1, 2022/10/27, 00:29:11.124, 11362898419790, vstest.console.dll, RunTestsArgumentProcessor:Execute: Test run is completed.
TpTrace Information: 0 : 10204, 10, 2022/10/27, 00:29:11.124, 11362898420002, vstest.console.dll, SocketServer.PrivateStop: Stopping server endPoint: 127.0.0.1:58484 error: 
TpTrace Verbose: 0 : 10204, 1, 2022/10/27, 00:29:11.125, 11362898422439, vstest.console.dll, Executor.Execute: Exiting with exit code of 0
TpTrace Verbose: 0 : 10204, 10, 2022/10/27, 00:29:11.125, 11362898426317, vstest.console.dll, LengthPrefixCommunicationChannel.Dispose: Dispose reader and writer.
TpTrace Information: 0 : 10204, 10, 2022/10/27, 00:29:11.125, 11362898427445, vstest.console.dll, SocketServer.Stop: Raise disconnected event endPoint: 127.0.0.1:58484 error: 
TpTrace Verbose: 0 : 10204, 10, 2022/10/27, 00:29:11.125, 11362898428302, vstest.console.dll, TestRequestSender: OnTestRunAbort: Operation is already complete. Skip error message.
TpTrace Verbose: 0 : 10204, 10, 2022/10/27, 00:29:11.125, 11362898428944, vstest.console.dll, MulticastDelegateUtilities.SafeInvoke: SocketServer: ClientDisconnected: Invoking callback 1/1 for Microsoft.VisualStudio.TestPlatform.CommunicationUtilities.TestRequestSender.<InitializeCommunication>b__24_1, took 0 ms.
TpTrace Verbose: 0 : 10204, 10, 2022/10/27, 00:29:11.125, 11362898429530, vstest.console.dll, TcpClientExtensions.MessageLoopAsync: exiting MessageLoopAsync remoteEndPoint: 127.0.0.1:58485 localEndPoint: 127.0.0.1:58484
